2024-10-15 08:00:36,841 INFO notifyConnectTimeout:100

2024-10-15 08:00:36,857 INFO notifySocketTimeout:200

2024-10-15 08:00:36,863 INFO isHealthCheck:true

2024-10-15 08:00:36,864 INFO maxHealthCheckFailCount:12

2024-10-15 08:00:36,865 INFO maxContent:10485760

2024-10-15 08:00:51,651 WARN DumpService start

2024-10-15 08:00:51,653 INFO start clear all config-info.

2024-10-15 08:00:51,654 WARN clear all config-info failed.

2024-10-15 08:00:51,654 WARN clear all config-info-tenant failed.

2024-10-15 08:00:51,827 INFO start clear all config-info-beta.

2024-10-15 08:00:51,829 WARN clear all config-info-beta failed.

2024-10-15 08:00:51,829 WARN clear all config-info-beta-tenant failed.

2024-10-15 08:00:51,897 INFO start clear all config-info-tag.

2024-10-15 08:00:51,897 WARN clear all config-info-tag failed.

2024-10-15 08:00:51,897 WARN clear all config-info-tag-tenant failed.

2024-10-15 13:43:44,016 INFO notifyConnectTimeout:100

2024-10-15 13:43:44,022 INFO notifySocketTimeout:200

2024-10-15 13:43:44,024 INFO isHealthCheck:true

2024-10-15 13:43:44,024 INFO maxHealthCheckFailCount:12

2024-10-15 13:43:44,025 INFO maxContent:10485760

2024-10-15 13:44:05,061 WARN DumpService start

2024-10-15 13:44:05,064 INFO start clear all config-info.

2024-10-15 13:44:05,065 WARN clear all config-info failed.

2024-10-15 13:44:05,065 WARN clear all config-info-tenant failed.

2024-10-15 13:44:05,265 INFO start clear all config-info-beta.

2024-10-15 13:44:05,266 WARN clear all config-info-beta failed.

2024-10-15 13:44:05,266 WARN clear all config-info-beta-tenant failed.

2024-10-15 13:44:05,323 INFO start clear all config-info-tag.

2024-10-15 13:44:05,324 WARN clear all config-info-tag failed.

2024-10-15 13:44:05,324 WARN clear all config-info-tag-tenant failed.

2024-10-15 19:56:34,519 INFO notifyConnectTimeout:100

2024-10-15 19:56:34,523 INFO notifySocketTimeout:200

2024-10-15 19:56:34,524 INFO isHealthCheck:true

2024-10-15 19:56:34,524 INFO maxHealthCheckFailCount:12

2024-10-15 19:56:34,524 INFO maxContent:10485760

2024-10-15 19:56:42,185 WARN DumpService start

2024-10-15 19:56:42,187 INFO start clear all config-info.

2024-10-15 19:56:42,188 WARN clear all config-info failed.

2024-10-15 19:56:42,188 WARN clear all config-info-tenant failed.

2024-10-15 19:56:42,259 INFO start clear all config-info-beta.

2024-10-15 19:56:42,260 WARN clear all config-info-beta failed.

2024-10-15 19:56:42,260 WARN clear all config-info-beta-tenant failed.

2024-10-15 19:56:42,281 INFO start clear all config-info-tag.

2024-10-15 19:56:42,281 WARN clear all config-info-tag failed.

2024-10-15 19:56:42,281 WARN clear all config-info-tag-tenant failed.

