2024-10-14 13:32:26,278 INFO initializing Raft sub-system

2024-10-14 13:32:26,278 INFO Upgrade from 1X feature has closed, If you want open this feature, please set `nacos.core.support.upgrade.from.1x=true` in application.properties

2024-10-14 13:32:26,692 INFO add listener: com.alibaba.nacos.naming.domains.meta.

2024-10-14 13:32:31,277 WARN start to close old raft protocol!!!

2024-10-14 13:32:31,278 WARN stop old raft protocol task for notifier

2024-10-14 13:32:31,278 WARN stop old raft protocol task for master task

2024-10-14 13:32:38,519 INFO add listener: com.alibaba.nacos.naming.domains.meta.00-00---000-NACOS_SWITCH_DOMAIN-000---00-00

2024-10-14 13:35:13,757 INFO initializing Raft sub-system

2024-10-14 13:35:13,758 INFO Upgrade from 1X feature has closed, If you want open this feature, please set `nacos.core.support.upgrade.from.1x=true` in application.properties

2024-10-14 13:35:14,164 INFO add listener: com.alibaba.nacos.naming.domains.meta.

2024-10-14 13:35:18,756 WARN start to close old raft protocol!!!

2024-10-14 13:35:18,757 WARN stop old raft protocol task for notifier

2024-10-14 13:35:18,757 WARN stop old raft protocol task for master task

2024-10-14 13:35:26,058 INFO add listener: com.alibaba.nacos.naming.domains.meta.00-00---000-NACOS_SWITCH_DOMAIN-000---00-00

2024-10-14 13:35:51,102 INFO initializing Raft sub-system

2024-10-14 13:35:51,103 INFO Upgrade from 1X feature has closed, If you want open this feature, please set `nacos.core.support.upgrade.from.1x=true` in application.properties

2024-10-14 13:35:51,493 INFO add listener: com.alibaba.nacos.naming.domains.meta.

2024-10-14 13:35:53,323 INFO add listener: com.alibaba.nacos.naming.domains.meta.00-00---000-NACOS_SWITCH_DOMAIN-000---00-00

2024-10-14 13:35:56,211 WARN start to close old raft protocol!!!

2024-10-14 13:35:56,213 WARN stop old raft protocol task for notifier

2024-10-14 13:35:56,216 WARN stop old raft protocol task for master task

2024-10-14 13:38:02,497 INFO initializing Raft sub-system

2024-10-14 13:38:02,497 INFO Upgrade from 1X feature has closed, If you want open this feature, please set `nacos.core.support.upgrade.from.1x=true` in application.properties

2024-10-14 13:38:02,948 INFO add listener: com.alibaba.nacos.naming.domains.meta.

2024-10-14 13:38:07,497 WARN start to close old raft protocol!!!

2024-10-14 13:38:07,497 WARN stop old raft protocol task for notifier

2024-10-14 13:38:07,498 WARN stop old raft protocol task for master task

2024-10-14 13:38:14,914 INFO add listener: com.alibaba.nacos.naming.domains.meta.00-00---000-NACOS_SWITCH_DOMAIN-000---00-00

2024-10-14 13:38:53,503 INFO initializing Raft sub-system

2024-10-14 13:38:53,504 INFO Upgrade from 1X feature has closed, If you want open this feature, please set `nacos.core.support.upgrade.from.1x=true` in application.properties

2024-10-14 13:38:53,875 INFO add listener: com.alibaba.nacos.naming.domains.meta.

2024-10-14 13:38:58,506 WARN start to close old raft protocol!!!

2024-10-14 13:38:58,509 WARN stop old raft protocol task for notifier

2024-10-14 13:38:58,510 WARN stop old raft protocol task for master task

2024-10-14 13:39:05,743 INFO add listener: com.alibaba.nacos.naming.domains.meta.00-00---000-NACOS_SWITCH_DOMAIN-000---00-00

2024-10-14 13:39:57,371 INFO initializing Raft sub-system

2024-10-14 13:39:57,372 INFO Upgrade from 1X feature has closed, If you want open this feature, please set `nacos.core.support.upgrade.from.1x=true` in application.properties

2024-10-14 13:39:57,801 INFO add listener: com.alibaba.nacos.naming.domains.meta.

2024-10-14 13:39:59,508 INFO add listener: com.alibaba.nacos.naming.domains.meta.00-00---000-NACOS_SWITCH_DOMAIN-000---00-00

2024-10-14 13:40:02,368 WARN start to close old raft protocol!!!

2024-10-14 13:40:02,368 WARN stop old raft protocol task for notifier

2024-10-14 13:40:02,368 WARN stop old raft protocol task for master task

2024-10-14 13:44:47,281 INFO initializing Raft sub-system

2024-10-14 13:44:47,282 INFO Upgrade from 1X feature has closed, If you want open this feature, please set `nacos.core.support.upgrade.from.1x=true` in application.properties

2024-10-14 13:44:47,677 INFO add listener: com.alibaba.nacos.naming.domains.meta.

2024-10-14 13:44:52,275 WARN start to close old raft protocol!!!

2024-10-14 13:44:52,276 WARN stop old raft protocol task for notifier

2024-10-14 13:44:52,277 WARN stop old raft protocol task for master task

2024-10-14 13:44:59,769 INFO add listener: com.alibaba.nacos.naming.domains.meta.00-00---000-NACOS_SWITCH_DOMAIN-000---00-00

2024-10-14 13:45:35,719 INFO initializing Raft sub-system

2024-10-14 13:45:35,719 INFO Upgrade from 1X feature has closed, If you want open this feature, please set `nacos.core.support.upgrade.from.1x=true` in application.properties

2024-10-14 13:45:36,084 INFO add listener: com.alibaba.nacos.naming.domains.meta.

2024-10-14 13:45:40,718 WARN start to close old raft protocol!!!

2024-10-14 13:45:40,719 WARN stop old raft protocol task for notifier

2024-10-14 13:45:40,720 WARN stop old raft protocol task for master task

2024-10-14 13:45:48,017 INFO add listener: com.alibaba.nacos.naming.domains.meta.00-00---000-NACOS_SWITCH_DOMAIN-000---00-00

2024-10-14 13:49:46,575 INFO initializing Raft sub-system

2024-10-14 13:49:46,582 INFO Upgrade from 1X feature has closed, If you want open this feature, please set `nacos.core.support.upgrade.from.1x=true` in application.properties

2024-10-14 13:49:46,849 INFO add listener: com.alibaba.nacos.naming.domains.meta.

2024-10-14 13:49:51,385 WARN start to close old raft protocol!!!

2024-10-14 13:49:51,385 WARN stop old raft protocol task for notifier

2024-10-14 13:49:51,385 WARN stop old raft protocol task for master task

2024-10-14 13:49:59,349 INFO add listener: com.alibaba.nacos.naming.domains.meta.00-00---000-NACOS_SWITCH_DOMAIN-000---00-00

2024-10-14 13:53:03,427 INFO initializing Raft sub-system

2024-10-14 13:53:03,427 INFO Upgrade from 1X feature has closed, If you want open this feature, please set `nacos.core.support.upgrade.from.1x=true` in application.properties

2024-10-14 13:53:03,843 INFO add listener: com.alibaba.nacos.naming.domains.meta.

2024-10-14 13:53:08,428 WARN start to close old raft protocol!!!

2024-10-14 13:53:08,429 WARN stop old raft protocol task for notifier

2024-10-14 13:53:08,429 WARN stop old raft protocol task for master task

2024-10-14 13:53:15,773 INFO add listener: com.alibaba.nacos.naming.domains.meta.00-00---000-NACOS_SWITCH_DOMAIN-000---00-00

2024-10-14 13:55:17,936 INFO initializing Raft sub-system

2024-10-14 13:55:17,936 INFO Upgrade from 1X feature has closed, If you want open this feature, please set `nacos.core.support.upgrade.from.1x=true` in application.properties

2024-10-14 13:55:18,270 INFO add listener: com.alibaba.nacos.naming.domains.meta.

2024-10-14 13:55:22,935 WARN start to close old raft protocol!!!

2024-10-14 13:55:22,937 WARN stop old raft protocol task for notifier

2024-10-14 13:55:22,938 WARN stop old raft protocol task for master task

2024-10-14 13:55:30,161 INFO add listener: com.alibaba.nacos.naming.domains.meta.00-00---000-NACOS_SWITCH_DOMAIN-000---00-00

2024-10-14 13:56:31,494 INFO initializing Raft sub-system

2024-10-14 13:56:31,495 INFO Upgrade from 1X feature has closed, If you want open this feature, please set `nacos.core.support.upgrade.from.1x=true` in application.properties

2024-10-14 13:56:31,902 INFO add listener: com.alibaba.nacos.naming.domains.meta.

2024-10-14 13:56:36,496 WARN start to close old raft protocol!!!

2024-10-14 13:56:36,497 WARN stop old raft protocol task for notifier

2024-10-14 13:56:36,497 WARN stop old raft protocol task for master task

2024-10-14 13:56:43,810 INFO add listener: com.alibaba.nacos.naming.domains.meta.00-00---000-NACOS_SWITCH_DOMAIN-000---00-00

2024-10-14 13:58:38,011 INFO initializing Raft sub-system

2024-10-14 13:58:38,011 INFO Upgrade from 1X feature has closed, If you want open this feature, please set `nacos.core.support.upgrade.from.1x=true` in application.properties

2024-10-14 13:58:38,378 INFO add listener: com.alibaba.nacos.naming.domains.meta.

2024-10-14 13:58:43,009 WARN start to close old raft protocol!!!

2024-10-14 13:58:43,010 WARN stop old raft protocol task for notifier

2024-10-14 13:58:43,010 WARN stop old raft protocol task for master task

2024-10-14 13:58:50,347 INFO add listener: com.alibaba.nacos.naming.domains.meta.00-00---000-NACOS_SWITCH_DOMAIN-000---00-00

2024-10-14 13:59:17,118 INFO initializing Raft sub-system

2024-10-14 13:59:17,118 INFO Upgrade from 1X feature has closed, If you want open this feature, please set `nacos.core.support.upgrade.from.1x=true` in application.properties

2024-10-14 13:59:17,454 INFO add listener: com.alibaba.nacos.naming.domains.meta.

2024-10-14 13:59:21,312 INFO add listener: com.alibaba.nacos.naming.domains.meta.00-00---000-NACOS_SWITCH_DOMAIN-000---00-00

2024-10-14 13:59:22,118 WARN start to close old raft protocol!!!

2024-10-14 13:59:22,118 WARN stop old raft protocol task for notifier

2024-10-14 13:59:22,118 WARN stop old raft protocol task for master task

2024-10-14 14:03:20,710 INFO initializing Raft sub-system

2024-10-14 14:03:20,710 INFO Upgrade from 1X feature has closed, If you want open this feature, please set `nacos.core.support.upgrade.from.1x=true` in application.properties

2024-10-14 14:03:21,135 INFO add listener: com.alibaba.nacos.naming.domains.meta.

2024-10-14 14:03:25,706 WARN start to close old raft protocol!!!

2024-10-14 14:03:25,706 WARN stop old raft protocol task for notifier

2024-10-14 14:03:25,707 WARN stop old raft protocol task for master task

2024-10-14 14:03:32,970 INFO add listener: com.alibaba.nacos.naming.domains.meta.00-00---000-NACOS_SWITCH_DOMAIN-000---00-00

2024-10-14 14:04:45,368 INFO initializing Raft sub-system

2024-10-14 14:04:45,368 INFO Upgrade from 1X feature has closed, If you want open this feature, please set `nacos.core.support.upgrade.from.1x=true` in application.properties

2024-10-14 14:04:45,788 INFO add listener: com.alibaba.nacos.naming.domains.meta.

2024-10-14 14:04:50,371 WARN start to close old raft protocol!!!

2024-10-14 14:04:50,372 WARN stop old raft protocol task for notifier

2024-10-14 14:04:50,372 WARN stop old raft protocol task for master task

2024-10-14 14:04:57,671 INFO add listener: com.alibaba.nacos.naming.domains.meta.00-00---000-NACOS_SWITCH_DOMAIN-000---00-00

2024-10-14 14:11:28,746 INFO initializing Raft sub-system

2024-10-14 14:11:28,746 INFO Upgrade from 1X feature has closed, If you want open this feature, please set `nacos.core.support.upgrade.from.1x=true` in application.properties

2024-10-14 14:11:29,133 INFO add listener: com.alibaba.nacos.naming.domains.meta.

2024-10-14 14:11:33,746 WARN start to close old raft protocol!!!

2024-10-14 14:11:33,747 WARN stop old raft protocol task for notifier

2024-10-14 14:11:33,747 WARN stop old raft protocol task for master task

2024-10-14 14:11:41,082 INFO add listener: com.alibaba.nacos.naming.domains.meta.00-00---000-NACOS_SWITCH_DOMAIN-000---00-00

2024-10-14 14:15:03,606 INFO initializing Raft sub-system

2024-10-14 14:15:03,606 INFO Upgrade from 1X feature has closed, If you want open this feature, please set `nacos.core.support.upgrade.from.1x=true` in application.properties

2024-10-14 14:15:03,983 INFO add listener: com.alibaba.nacos.naming.domains.meta.

2024-10-14 14:15:08,604 WARN start to close old raft protocol!!!

2024-10-14 14:15:08,604 WARN stop old raft protocol task for notifier

2024-10-14 14:15:08,605 WARN stop old raft protocol task for master task

2024-10-14 14:15:16,024 INFO add listener: com.alibaba.nacos.naming.domains.meta.00-00---000-NACOS_SWITCH_DOMAIN-000---00-00

2024-10-14 14:16:27,212 INFO initializing Raft sub-system

2024-10-14 14:16:27,212 INFO Upgrade from 1X feature has closed, If you want open this feature, please set `nacos.core.support.upgrade.from.1x=true` in application.properties

2024-10-14 14:16:27,594 INFO add listener: com.alibaba.nacos.naming.domains.meta.

2024-10-14 14:16:32,205 WARN start to close old raft protocol!!!

2024-10-14 14:16:32,205 WARN stop old raft protocol task for notifier

2024-10-14 14:16:32,206 WARN stop old raft protocol task for master task

2024-10-14 14:16:39,480 INFO add listener: com.alibaba.nacos.naming.domains.meta.00-00---000-NACOS_SWITCH_DOMAIN-000---00-00

2024-10-14 14:23:01,413 INFO initializing Raft sub-system

2024-10-14 14:23:01,421 INFO Upgrade from 1X feature has closed, If you want open this feature, please set `nacos.core.support.upgrade.from.1x=true` in application.properties

2024-10-14 14:23:01,584 INFO add listener: com.alibaba.nacos.naming.domains.meta.

2024-10-14 14:23:06,254 WARN start to close old raft protocol!!!

2024-10-14 14:23:06,255 WARN stop old raft protocol task for notifier

2024-10-14 14:23:06,256 WARN stop old raft protocol task for master task

2024-10-14 14:23:13,460 INFO add listener: com.alibaba.nacos.naming.domains.meta.00-00---000-NACOS_SWITCH_DOMAIN-000---00-00

2024-10-14 14:28:30,308 INFO initializing Raft sub-system

2024-10-14 14:28:30,308 INFO Upgrade from 1X feature has closed, If you want open this feature, please set `nacos.core.support.upgrade.from.1x=true` in application.properties

2024-10-14 14:28:30,712 INFO add listener: com.alibaba.nacos.naming.domains.meta.

2024-10-14 14:28:35,308 WARN start to close old raft protocol!!!

2024-10-14 14:28:35,309 WARN stop old raft protocol task for notifier

2024-10-14 14:28:35,309 WARN stop old raft protocol task for master task

2024-10-14 14:28:42,624 INFO add listener: com.alibaba.nacos.naming.domains.meta.00-00---000-NACOS_SWITCH_DOMAIN-000---00-00

2024-10-14 14:29:37,278 INFO initializing Raft sub-system

2024-10-14 14:29:37,279 INFO Upgrade from 1X feature has closed, If you want open this feature, please set `nacos.core.support.upgrade.from.1x=true` in application.properties

2024-10-14 14:29:37,681 INFO add listener: com.alibaba.nacos.naming.domains.meta.

2024-10-14 14:29:41,458 INFO add listener: com.alibaba.nacos.naming.domains.meta.00-00---000-NACOS_SWITCH_DOMAIN-000---00-00

2024-10-14 14:29:42,277 WARN start to close old raft protocol!!!

2024-10-14 14:29:42,277 WARN stop old raft protocol task for notifier

2024-10-14 14:29:42,277 WARN stop old raft protocol task for master task

2024-10-14 14:33:17,344 INFO initializing Raft sub-system

2024-10-14 14:33:17,344 INFO Upgrade from 1X feature has closed, If you want open this feature, please set `nacos.core.support.upgrade.from.1x=true` in application.properties

2024-10-14 14:33:17,700 INFO add listener: com.alibaba.nacos.naming.domains.meta.

2024-10-14 14:33:21,874 INFO add listener: com.alibaba.nacos.naming.domains.meta.00-00---000-NACOS_SWITCH_DOMAIN-000---00-00

2024-10-14 14:33:22,339 WARN start to close old raft protocol!!!

2024-10-14 14:33:22,339 WARN stop old raft protocol task for notifier

2024-10-14 14:33:22,339 WARN stop old raft protocol task for master task

2024-10-14 14:34:14,837 INFO initializing Raft sub-system

2024-10-14 14:34:14,837 INFO Upgrade from 1X feature has closed, If you want open this feature, please set `nacos.core.support.upgrade.from.1x=true` in application.properties

2024-10-14 14:34:15,343 INFO add listener: com.alibaba.nacos.naming.domains.meta.

2024-10-14 14:34:19,831 WARN start to close old raft protocol!!!

2024-10-14 14:34:19,832 WARN stop old raft protocol task for notifier

2024-10-14 14:34:19,832 WARN stop old raft protocol task for master task

2024-10-14 14:34:20,018 INFO add listener: com.alibaba.nacos.naming.domains.meta.00-00---000-NACOS_SWITCH_DOMAIN-000---00-00

