2024-10-15 08:00:55,261 INFO Initializes the Raft protocol, raft-config info : {}

2024-10-15 08:00:55,525 INFO ========= The raft protocol is starting... =========

2024-10-15 08:00:55,793 INFO ========= The raft protocol start finished... =========

2024-10-15 08:00:55,867 INFO create raft group : naming_persistent_service_v2

2024-10-15 08:00:56,637 INFO This Raft event changes : RaftEvent{groupId='naming_persistent_service_v2', leader='23e16da5980f:7848', term=1, raftClusterInfo=[23e16da5980f:7848]}

2024-10-15 08:00:56,648 INFO create raft group : naming_instance_metadata

2024-10-15 08:00:57,150 INFO This Raft event changes : RaftEvent{groupId='naming_instance_metadata', leader='23e16da5980f:7848', term=1, raftClusterInfo=[23e16da5980f:7848]}

2024-10-15 08:00:57,231 INFO create raft group : naming_service_metadata

2024-10-15 08:00:57,414 INFO This Raft event changes : RaftEvent{groupId='naming_service_metadata', leader='23e16da5980f:7848', term=1, raftClusterInfo=[23e16da5980f:7848]}

2024-10-15 08:00:57,909 ERROR Failed to join the cluster, retry...

java.lang.IllegalStateException: Fail to get leader of group naming_persistent_service_v2
	at com.alipay.sofa.jraft.core.CliServiceImpl.getPeers(CliServiceImpl.java:605)
	at com.alipay.sofa.jraft.core.CliServiceImpl.getPeers(CliServiceImpl.java:498)
	at com.alibaba.nacos.core.distributed.raft.JRaftServer.registerSelfToCluster(JRaftServer.java:353)
	at com.alibaba.nacos.core.distributed.raft.JRaftServer.lambda$createMultiRaftGroup$0(JRaftServer.java:264)
	at java.util.concurrent.Executors$RunnableAdapter.call(Executors.java:511)
	at java.util.concurrent.FutureTask.run(FutureTask.java:266)
	at java.util.concurrent.ScheduledThreadPoolExecutor$ScheduledFutureTask.access$201(ScheduledThreadPoolExecutor.java:180)
	at java.util.concurrent.ScheduledThreadPoolExecutor$ScheduledFutureTask.run(ScheduledThreadPoolExecutor.java:293)
	at java.util.concurrent.ThreadPoolExecutor.runWorker(ThreadPoolExecutor.java:1149)
	at java.util.concurrent.ThreadPoolExecutor$Worker.run(ThreadPoolExecutor.java:624)
	at java.lang.Thread.run(Thread.java:750)
2024-10-15 13:42:38,632 INFO shutdown jraft server

2024-10-15 13:42:38,633 INFO ========= The raft protocol is starting to close =========

2024-10-15 13:42:39,014 INFO ========= The raft protocol has been closed =========

2024-10-15 13:44:09,651 INFO Initializes the Raft protocol, raft-config info : {}

2024-10-15 13:44:10,647 INFO ========= The raft protocol is starting... =========

2024-10-15 13:44:10,812 INFO ========= The raft protocol start finished... =========

2024-10-15 13:44:10,991 INFO create raft group : naming_persistent_service_v2

2024-10-15 13:44:12,288 INFO This Raft event changes : RaftEvent{groupId='naming_persistent_service_v2', leader='ed8676228ed6:7848', term=1, raftClusterInfo=[ed8676228ed6:7848]}

2024-10-15 13:44:12,384 INFO create raft group : naming_instance_metadata

2024-10-15 13:44:12,519 INFO This Raft event changes : RaftEvent{groupId='naming_instance_metadata', leader='ed8676228ed6:7848', term=1, raftClusterInfo=[ed8676228ed6:7848]}

2024-10-15 13:44:12,846 INFO create raft group : naming_service_metadata

2024-10-15 13:44:13,228 INFO This Raft event changes : RaftEvent{groupId='naming_service_metadata', leader='ed8676228ed6:7848', term=1, raftClusterInfo=[ed8676228ed6:7848]}

2024-10-15 15:42:06,485 INFO shutdown jraft server

2024-10-15 15:42:06,491 INFO ========= The raft protocol is starting to close =========

2024-10-15 15:42:06,698 INFO ========= The raft protocol has been closed =========

