2024-10-15 08:00:46,780 INFO [ClientConnectionEventListenerRegistry] registry listener - ConnectionBasedClientManager

2024-10-15 08:00:53,221 INFO [ClientConnectionEventListenerRegistry] registry listener - ConfigConnectionEventListener

2024-10-15 08:00:53,401 INFO [ClientConnectionEventListenerRegistry] registry listener - RpcAckCallbackInitorOrCleaner

2024-10-15 08:00:53,515 INFO Nacos GrpcSdkServer Rpc server starting at port 9848

2024-10-15 08:00:54,265 INFO Load ProtocolNegotiatorBuilder com.alibaba.nacos.core.remote.grpc.negotiator.tls.DefaultTlsProtocolNegotiatorBuilder for type DEFAULT_TLS

2024-10-15 08:00:54,279 DEBUG TLS configuration is empty, use default value

2024-10-15 08:00:54,349 INFO Nacos Rpc server tls config:{"sslProvider":"","enableTls":false,"mutualAuthEnable":false,"trustAll":false,"sslContextRefresher":"","compatibility":true}

2024-10-15 08:00:54,355 WARN Recommended use 'nacos.remote.server.grpc.sdk.max-inbound-message-size' property instead 'nacos.remote.server.grpc.maxinbound.message.size', now property value is 10485760

2024-10-15 08:00:54,843 INFO Nacos Rpc server tls config:{"sslProvider":"","enableTls":false,"mutualAuthEnable":false,"trustAll":false,"sslContextRefresher":"","compatibility":true}

2024-10-15 08:00:54,849 INFO No RpcServerSslContextRefresher specified,Ssl Context auto refresh not supported.

2024-10-15 08:00:54,850 INFO RpcServerSslContextRefresher init end

2024-10-15 08:00:54,850 INFO Nacos GrpcSdkServer Rpc server started at port 9848

2024-10-15 08:00:54,935 INFO Nacos GrpcClusterServer Rpc server starting at port 9849

2024-10-15 08:00:54,948 WARN Recommended use 'nacos.remote.server.grpc.cluster.max-inbound-message-size' property instead 'nacos.remote.server.grpc.maxinbound.message.size', now property value is 10485760

2024-10-15 08:00:54,958 INFO Nacos GrpcClusterServer Rpc server started at port 9849

2024-10-15 13:42:38,344 INFO Nacos GrpcClusterServer Rpc server stopping

2024-10-15 13:42:38,345 INFO Nacos GrpcSdkServer Rpc server stopping

2024-10-15 13:42:38,465 INFO Nacos GrpcClusterServer Rpc server stopped successfully...

2024-10-15 13:42:38,465 INFO Nacos GrpcSdkServer Rpc server stopped successfully...

2024-10-15 13:43:57,207 INFO [ClientConnectionEventListenerRegistry] registry listener - ConnectionBasedClientManager

2024-10-15 13:44:06,498 INFO [ClientConnectionEventListenerRegistry] registry listener - ConfigConnectionEventListener

2024-10-15 13:44:06,608 INFO [ClientConnectionEventListenerRegistry] registry listener - RpcAckCallbackInitorOrCleaner

2024-10-15 13:44:06,644 INFO Nacos GrpcSdkServer Rpc server starting at port 9848

2024-10-15 13:44:07,300 INFO Load ProtocolNegotiatorBuilder com.alibaba.nacos.core.remote.grpc.negotiator.tls.DefaultTlsProtocolNegotiatorBuilder for type DEFAULT_TLS

2024-10-15 13:44:07,312 DEBUG TLS configuration is empty, use default value

2024-10-15 13:44:07,403 INFO Nacos Rpc server tls config:{"sslProvider":"","enableTls":false,"mutualAuthEnable":false,"trustAll":false,"sslContextRefresher":"","compatibility":true}

2024-10-15 13:44:07,415 WARN Recommended use 'nacos.remote.server.grpc.sdk.max-inbound-message-size' property instead 'nacos.remote.server.grpc.maxinbound.message.size', now property value is 10485760

2024-10-15 13:44:08,003 INFO Nacos Rpc server tls config:{"sslProvider":"","enableTls":false,"mutualAuthEnable":false,"trustAll":false,"sslContextRefresher":"","compatibility":true}

2024-10-15 13:44:08,006 INFO No RpcServerSslContextRefresher specified,Ssl Context auto refresh not supported.

2024-10-15 13:44:08,006 INFO RpcServerSslContextRefresher init end

2024-10-15 13:44:08,007 INFO Nacos GrpcSdkServer Rpc server started at port 9848

2024-10-15 13:44:08,120 INFO Nacos GrpcClusterServer Rpc server starting at port 9849

2024-10-15 13:44:08,140 WARN Recommended use 'nacos.remote.server.grpc.cluster.max-inbound-message-size' property instead 'nacos.remote.server.grpc.maxinbound.message.size', now property value is 10485760

2024-10-15 13:44:08,148 INFO Nacos GrpcClusterServer Rpc server started at port 9849

2024-10-15 15:42:05,773 INFO Nacos GrpcSdkServer Rpc server stopping

2024-10-15 15:42:05,774 INFO Nacos GrpcClusterServer Rpc server stopping

2024-10-15 15:42:06,175 INFO Nacos GrpcSdkServer Rpc server stopped successfully...

2024-10-15 15:42:06,175 INFO Nacos GrpcClusterServer Rpc server stopped successfully...

2024-10-15 19:56:38,427 INFO [ClientConnectionEventListenerRegistry] registry listener - ConnectionBasedClientManager

2024-10-15 19:56:42,718 INFO [ClientConnectionEventListenerRegistry] registry listener - ConfigConnectionEventListener

2024-10-15 19:56:42,763 INFO [ClientConnectionEventListenerRegistry] registry listener - RpcAckCallbackInitorOrCleaner

2024-10-15 19:56:42,790 INFO Nacos GrpcSdkServer Rpc server starting at port 9848

2024-10-15 19:56:43,243 INFO Load ProtocolNegotiatorBuilder com.alibaba.nacos.core.remote.grpc.negotiator.tls.DefaultTlsProtocolNegotiatorBuilder for type DEFAULT_TLS

2024-10-15 19:56:43,246 DEBUG TLS configuration is empty, use default value

2024-10-15 19:56:43,284 INFO Nacos Rpc server tls config:{"sslProvider":"","enableTls":false,"mutualAuthEnable":false,"trustAll":false,"sslContextRefresher":"","compatibility":true}

2024-10-15 19:56:43,286 WARN Recommended use 'nacos.remote.server.grpc.sdk.max-inbound-message-size' property instead 'nacos.remote.server.grpc.maxinbound.message.size', now property value is 10485760

2024-10-15 19:56:43,588 INFO Nacos Rpc server tls config:{"sslProvider":"","enableTls":false,"mutualAuthEnable":false,"trustAll":false,"sslContextRefresher":"","compatibility":true}

2024-10-15 19:56:43,589 INFO No RpcServerSslContextRefresher specified,Ssl Context auto refresh not supported.

2024-10-15 19:56:43,589 INFO RpcServerSslContextRefresher init end

2024-10-15 19:56:43,589 INFO Nacos GrpcSdkServer Rpc server started at port 9848

2024-10-15 19:56:43,593 INFO Nacos GrpcClusterServer Rpc server starting at port 9849

2024-10-15 19:56:43,594 WARN Recommended use 'nacos.remote.server.grpc.cluster.max-inbound-message-size' property instead 'nacos.remote.server.grpc.maxinbound.message.size', now property value is 10485760

2024-10-15 19:56:43,596 INFO Nacos GrpcClusterServer Rpc server started at port 9849

