2024-10-14 13:32:39,067 INFO Register tps control,pointName=CONFIG_PUSH_COUNT, point=com.alibaba.nacos.core.remote.control.TpsMonitorPoint@5560bcdf 

2024-10-14 13:32:39,067 INFO Load rule from local,pointName=CONFIG_PUSH_COUNT, ruleContent= 

2024-10-14 13:32:39,068 INFO Apply tps control rule parse start,pointName=[CONFIG_PUSH_COUNT]  

2024-10-14 13:32:39,068 INFO Clear point  control rule ,pointName=[CONFIG_PUSH_COUNT]  

2024-10-14 13:32:39,068 INFO Clear point  control rule for monitorKeys, pointName=[CONFIG_PUSH_COUNT]  

2024-10-14 13:32:39,068 INFO Register tps control,pointName=CONFIG_PUSH_SUCCESS, point=com.alibaba.nacos.core.remote.control.TpsMonitorPoint@b558294 

2024-10-14 13:32:39,069 INFO Load rule from local,pointName=CONFIG_PUSH_SUCCESS, ruleContent= 

2024-10-14 13:32:39,069 INFO Apply tps control rule parse start,pointName=[CONFIG_PUSH_SUCCESS]  

2024-10-14 13:32:39,069 INFO Clear point  control rule ,pointName=[CONFIG_PUSH_SUCCESS]  

2024-10-14 13:32:39,070 INFO Clear point  control rule for monitorKeys, pointName=[CONFIG_PUSH_SUCCESS]  

2024-10-14 13:32:39,070 INFO Register tps control,pointName=CONFIG_PUSH_FAIL, point=com.alibaba.nacos.core.remote.control.TpsMonitorPoint@bb095 

2024-10-14 13:32:39,070 INFO Load rule from local,pointName=CONFIG_PUSH_FAIL, ruleContent= 

2024-10-14 13:32:39,070 INFO Apply tps control rule parse start,pointName=[CONFIG_PUSH_FAIL]  

2024-10-14 13:32:39,070 INFO Clear point  control rule ,pointName=[CONFIG_PUSH_FAIL]  

2024-10-14 13:32:39,071 INFO Clear point  control rule for monitorKeys, pointName=[CONFIG_PUSH_FAIL]  

2024-10-14 13:32:39,072 INFO Load rule from local,pointName=CONFIG_PUSH_COUNT, ruleContent= 

2024-10-14 13:32:39,075 INFO Apply tps control rule parse start,pointName=[CONFIG_PUSH_COUNT]  

2024-10-14 13:32:39,075 INFO Clear point  control rule ,pointName=[CONFIG_PUSH_COUNT]  

2024-10-14 13:32:39,075 INFO Clear point  control rule for monitorKeys, pointName=[CONFIG_PUSH_COUNT]  

2024-10-14 13:32:39,076 INFO Load rule from local,pointName=CONFIG_PUSH_SUCCESS, ruleContent= 

2024-10-14 13:32:39,076 INFO Apply tps control rule parse start,pointName=[CONFIG_PUSH_SUCCESS]  

2024-10-14 13:32:39,076 INFO Clear point  control rule ,pointName=[CONFIG_PUSH_SUCCESS]  

2024-10-14 13:32:39,076 INFO Clear point  control rule for monitorKeys, pointName=[CONFIG_PUSH_SUCCESS]  

2024-10-14 13:32:39,077 INFO Load rule from local,pointName=CONFIG_PUSH_FAIL, ruleContent= 

2024-10-14 13:32:39,077 INFO Apply tps control rule parse start,pointName=[CONFIG_PUSH_FAIL]  

2024-10-14 13:32:39,078 INFO Clear point  control rule ,pointName=[CONFIG_PUSH_FAIL]  

2024-10-14 13:32:39,078 INFO Clear point  control rule for monitorKeys, pointName=[CONFIG_PUSH_FAIL]  

2024-10-14 13:35:26,564 INFO Register tps control,pointName=CONFIG_PUSH_COUNT, point=com.alibaba.nacos.core.remote.control.TpsMonitorPoint@5560bcdf 

2024-10-14 13:35:26,565 INFO Load rule from local,pointName=CONFIG_PUSH_COUNT, ruleContent= 

2024-10-14 13:35:26,565 INFO Apply tps control rule parse start,pointName=[CONFIG_PUSH_COUNT]  

2024-10-14 13:35:26,565 INFO Clear point  control rule ,pointName=[CONFIG_PUSH_COUNT]  

2024-10-14 13:35:26,566 INFO Clear point  control rule for monitorKeys, pointName=[CONFIG_PUSH_COUNT]  

2024-10-14 13:35:26,566 INFO Register tps control,pointName=CONFIG_PUSH_SUCCESS, point=com.alibaba.nacos.core.remote.control.TpsMonitorPoint@b558294 

2024-10-14 13:35:26,567 INFO Load rule from local,pointName=CONFIG_PUSH_SUCCESS, ruleContent= 

2024-10-14 13:35:26,567 INFO Apply tps control rule parse start,pointName=[CONFIG_PUSH_SUCCESS]  

2024-10-14 13:35:26,567 INFO Clear point  control rule ,pointName=[CONFIG_PUSH_SUCCESS]  

2024-10-14 13:35:26,567 INFO Clear point  control rule for monitorKeys, pointName=[CONFIG_PUSH_SUCCESS]  

2024-10-14 13:35:26,567 INFO Register tps control,pointName=CONFIG_PUSH_FAIL, point=com.alibaba.nacos.core.remote.control.TpsMonitorPoint@bb095 

2024-10-14 13:35:26,568 INFO Load rule from local,pointName=CONFIG_PUSH_FAIL, ruleContent= 

2024-10-14 13:35:26,568 INFO Apply tps control rule parse start,pointName=[CONFIG_PUSH_FAIL]  

2024-10-14 13:35:26,568 INFO Clear point  control rule ,pointName=[CONFIG_PUSH_FAIL]  

2024-10-14 13:35:26,568 INFO Clear point  control rule for monitorKeys, pointName=[CONFIG_PUSH_FAIL]  

2024-10-14 13:35:26,569 INFO Load rule from local,pointName=CONFIG_PUSH_COUNT, ruleContent= 

2024-10-14 13:35:26,572 INFO Apply tps control rule parse start,pointName=[CONFIG_PUSH_COUNT]  

2024-10-14 13:35:26,573 INFO Clear point  control rule ,pointName=[CONFIG_PUSH_COUNT]  

2024-10-14 13:35:26,573 INFO Clear point  control rule for monitorKeys, pointName=[CONFIG_PUSH_COUNT]  

2024-10-14 13:35:26,573 INFO Load rule from local,pointName=CONFIG_PUSH_SUCCESS, ruleContent= 

2024-10-14 13:35:26,573 INFO Apply tps control rule parse start,pointName=[CONFIG_PUSH_SUCCESS]  

2024-10-14 13:35:26,573 INFO Clear point  control rule ,pointName=[CONFIG_PUSH_SUCCESS]  

2024-10-14 13:35:26,573 INFO Clear point  control rule for monitorKeys, pointName=[CONFIG_PUSH_SUCCESS]  

2024-10-14 13:35:26,574 INFO Load rule from local,pointName=CONFIG_PUSH_FAIL, ruleContent= 

2024-10-14 13:35:26,574 INFO Apply tps control rule parse start,pointName=[CONFIG_PUSH_FAIL]  

2024-10-14 13:35:26,574 INFO Clear point  control rule ,pointName=[CONFIG_PUSH_FAIL]  

2024-10-14 13:35:26,575 INFO Clear point  control rule for monitorKeys, pointName=[CONFIG_PUSH_FAIL]  

2024-10-14 13:35:53,764 INFO Register tps control,pointName=CONFIG_PUSH_COUNT, point=com.alibaba.nacos.core.remote.control.TpsMonitorPoint@160396db 

2024-10-14 13:35:53,765 INFO Load rule from local,pointName=CONFIG_PUSH_COUNT, ruleContent= 

2024-10-14 13:35:53,765 INFO Apply tps control rule parse start,pointName=[CONFIG_PUSH_COUNT]  

2024-10-14 13:35:53,765 INFO Clear point  control rule ,pointName=[CONFIG_PUSH_COUNT]  

2024-10-14 13:35:53,765 INFO Clear point  control rule for monitorKeys, pointName=[CONFIG_PUSH_COUNT]  

2024-10-14 13:35:53,766 INFO Register tps control,pointName=CONFIG_PUSH_SUCCESS, point=com.alibaba.nacos.core.remote.control.TpsMonitorPoint@7a799159 

2024-10-14 13:35:53,766 INFO Load rule from local,pointName=CONFIG_PUSH_SUCCESS, ruleContent= 

2024-10-14 13:35:53,766 INFO Apply tps control rule parse start,pointName=[CONFIG_PUSH_SUCCESS]  

2024-10-14 13:35:53,766 INFO Clear point  control rule ,pointName=[CONFIG_PUSH_SUCCESS]  

2024-10-14 13:35:53,766 INFO Clear point  control rule for monitorKeys, pointName=[CONFIG_PUSH_SUCCESS]  

2024-10-14 13:35:53,766 INFO Register tps control,pointName=CONFIG_PUSH_FAIL, point=com.alibaba.nacos.core.remote.control.TpsMonitorPoint@40ab8a8 

2024-10-14 13:35:53,767 INFO Load rule from local,pointName=CONFIG_PUSH_FAIL, ruleContent= 

2024-10-14 13:35:53,767 INFO Apply tps control rule parse start,pointName=[CONFIG_PUSH_FAIL]  

2024-10-14 13:35:53,768 INFO Clear point  control rule ,pointName=[CONFIG_PUSH_FAIL]  

2024-10-14 13:35:53,768 INFO Clear point  control rule for monitorKeys, pointName=[CONFIG_PUSH_FAIL]  

2024-10-14 13:36:04,923 INFO Register tps control,pointName=ConfigQuery, point=com.alibaba.nacos.core.remote.control.TpsMonitorPoint@3bd3d05e 

2024-10-14 13:36:04,927 INFO Load rule from local,pointName=ConfigQuery, ruleContent= 

2024-10-14 13:36:04,928 INFO Apply tps control rule parse start,pointName=[ConfigQuery]  

2024-10-14 13:36:04,928 INFO Clear point  control rule ,pointName=[ConfigQuery]  

2024-10-14 13:36:04,928 INFO Clear point  control rule for monitorKeys, pointName=[ConfigQuery]  

2024-10-14 13:36:04,929 INFO Register tps control,pointName=ClusterConfigChangeNotify, point=com.alibaba.nacos.core.remote.control.TpsMonitorPoint@6aba5d30 

2024-10-14 13:36:04,929 INFO Load rule from local,pointName=ClusterConfigChangeNotify, ruleContent= 

2024-10-14 13:36:04,929 INFO Apply tps control rule parse start,pointName=[ClusterConfigChangeNotify]  

2024-10-14 13:36:04,929 INFO Clear point  control rule ,pointName=[ClusterConfigChangeNotify]  

2024-10-14 13:36:04,930 INFO Clear point  control rule for monitorKeys, pointName=[ClusterConfigChangeNotify]  

2024-10-14 13:36:04,930 INFO Register tps control,pointName=ConfigListen, point=com.alibaba.nacos.core.remote.control.TpsMonitorPoint@61d34b4 

2024-10-14 13:36:04,931 INFO Load rule from local,pointName=ConfigListen, ruleContent= 

2024-10-14 13:36:04,931 INFO Apply tps control rule parse start,pointName=[ConfigListen]  

2024-10-14 13:36:04,931 INFO Clear point  control rule ,pointName=[ConfigListen]  

2024-10-14 13:36:04,931 INFO Clear point  control rule for monitorKeys, pointName=[ConfigListen]  

2024-10-14 13:36:04,931 INFO Register tps control,pointName=ConfigRemove, point=com.alibaba.nacos.core.remote.control.TpsMonitorPoint@588307f7 

2024-10-14 13:36:04,931 INFO Load rule from local,pointName=ConfigQuery, ruleContent= 

2024-10-14 13:36:04,932 INFO Apply tps control rule parse start,pointName=[ConfigQuery]  

2024-10-14 13:36:04,932 INFO Clear point  control rule ,pointName=[ConfigQuery]  

2024-10-14 13:36:04,932 INFO Clear point  control rule for monitorKeys, pointName=[ConfigQuery]  

2024-10-14 13:36:04,933 INFO Load rule from local,pointName=ConfigRemove, ruleContent= 

2024-10-14 13:36:04,933 INFO Apply tps control rule parse start,pointName=[ConfigRemove]  

2024-10-14 13:36:04,933 INFO Clear point  control rule ,pointName=[ConfigRemove]  

2024-10-14 13:36:04,933 INFO Clear point  control rule for monitorKeys, pointName=[ConfigRemove]  

2024-10-14 13:36:04,933 INFO Register tps control,pointName=ConfigPublish, point=com.alibaba.nacos.core.remote.control.TpsMonitorPoint@7df76d99 

2024-10-14 13:36:04,933 INFO Load rule from local,pointName=ClusterConfigChangeNotify, ruleContent= 

2024-10-14 13:36:04,933 INFO Apply tps control rule parse start,pointName=[ClusterConfigChangeNotify]  

2024-10-14 13:36:04,934 INFO Clear point  control rule ,pointName=[ClusterConfigChangeNotify]  

2024-10-14 13:36:04,934 INFO Clear point  control rule for monitorKeys, pointName=[ClusterConfigChangeNotify]  

2024-10-14 13:36:04,934 INFO Load rule from local,pointName=ConfigPublish, ruleContent= 

2024-10-14 13:36:04,934 INFO Apply tps control rule parse start,pointName=[ConfigPublish]  

2024-10-14 13:36:04,934 INFO Clear point  control rule ,pointName=[ConfigPublish]  

2024-10-14 13:36:04,934 INFO Clear point  control rule for monitorKeys, pointName=[ConfigPublish]  

2024-10-14 13:36:04,934 INFO Register tps control,pointName=HealthCheck, point=com.alibaba.nacos.core.remote.control.TpsMonitorPoint@459cfcca 

2024-10-14 13:36:04,934 INFO Load rule from local,pointName=ConfigListen, ruleContent= 

2024-10-14 13:36:04,934 INFO Apply tps control rule parse start,pointName=[ConfigListen]  

2024-10-14 13:36:04,935 INFO Clear point  control rule ,pointName=[ConfigListen]  

2024-10-14 13:36:04,935 INFO Clear point  control rule for monitorKeys, pointName=[ConfigListen]  

2024-10-14 13:36:04,935 INFO Load rule from local,pointName=HealthCheck, ruleContent= 

2024-10-14 13:36:04,935 INFO Apply tps control rule parse start,pointName=[HealthCheck]  

2024-10-14 13:36:04,935 INFO Clear point  control rule ,pointName=[HealthCheck]  

2024-10-14 13:36:04,935 INFO Clear point  control rule for monitorKeys, pointName=[HealthCheck]  

2024-10-14 13:36:04,935 INFO Load rule from local,pointName=ConfigRemove, ruleContent= 

2024-10-14 13:36:04,939 INFO Apply tps control rule parse start,pointName=[ConfigRemove]  

2024-10-14 13:36:04,940 INFO Clear point  control rule ,pointName=[ConfigRemove]  

2024-10-14 13:36:04,940 INFO Clear point  control rule for monitorKeys, pointName=[ConfigRemove]  

2024-10-14 13:36:04,941 INFO Load rule from local,pointName=ConfigPublish, ruleContent= 

2024-10-14 13:36:04,941 INFO Apply tps control rule parse start,pointName=[ConfigPublish]  

2024-10-14 13:36:04,941 INFO Clear point  control rule ,pointName=[ConfigPublish]  

2024-10-14 13:36:04,945 INFO Clear point  control rule for monitorKeys, pointName=[ConfigPublish]  

2024-10-14 13:36:04,948 INFO Load rule from local,pointName=HealthCheck, ruleContent= 

2024-10-14 13:36:04,951 INFO Apply tps control rule parse start,pointName=[HealthCheck]  

2024-10-14 13:36:04,956 INFO Clear point  control rule ,pointName=[HealthCheck]  

2024-10-14 13:36:04,958 INFO Clear point  control rule for monitorKeys, pointName=[HealthCheck]  

2024-10-14 13:38:15,393 INFO Register tps control,pointName=CONFIG_PUSH_COUNT, point=com.alibaba.nacos.core.remote.control.TpsMonitorPoint@749f539e 

2024-10-14 13:38:15,396 INFO Load rule from local,pointName=CONFIG_PUSH_COUNT, ruleContent= 

2024-10-14 13:38:15,396 INFO Apply tps control rule parse start,pointName=[CONFIG_PUSH_COUNT]  

2024-10-14 13:38:15,396 INFO Clear point  control rule ,pointName=[CONFIG_PUSH_COUNT]  

2024-10-14 13:38:15,396 INFO Clear point  control rule for monitorKeys, pointName=[CONFIG_PUSH_COUNT]  

2024-10-14 13:38:15,397 INFO Register tps control,pointName=CONFIG_PUSH_SUCCESS, point=com.alibaba.nacos.core.remote.control.TpsMonitorPoint@5ca1f591 

2024-10-14 13:38:15,398 INFO Load rule from local,pointName=CONFIG_PUSH_SUCCESS, ruleContent= 

2024-10-14 13:38:15,398 INFO Apply tps control rule parse start,pointName=[CONFIG_PUSH_SUCCESS]  

2024-10-14 13:38:15,398 INFO Clear point  control rule ,pointName=[CONFIG_PUSH_SUCCESS]  

2024-10-14 13:38:15,399 INFO Clear point  control rule for monitorKeys, pointName=[CONFIG_PUSH_SUCCESS]  

2024-10-14 13:38:15,399 INFO Register tps control,pointName=CONFIG_PUSH_FAIL, point=com.alibaba.nacos.core.remote.control.TpsMonitorPoint@551de37d 

2024-10-14 13:38:15,399 INFO Load rule from local,pointName=CONFIG_PUSH_FAIL, ruleContent= 

2024-10-14 13:38:15,399 INFO Apply tps control rule parse start,pointName=[CONFIG_PUSH_FAIL]  

2024-10-14 13:38:15,399 INFO Clear point  control rule ,pointName=[CONFIG_PUSH_FAIL]  

2024-10-14 13:38:15,399 INFO Clear point  control rule for monitorKeys, pointName=[CONFIG_PUSH_FAIL]  

2024-10-14 13:38:15,401 INFO Load rule from local,pointName=CONFIG_PUSH_COUNT, ruleContent= 

2024-10-14 13:38:15,402 INFO Apply tps control rule parse start,pointName=[CONFIG_PUSH_COUNT]  

2024-10-14 13:38:15,402 INFO Clear point  control rule ,pointName=[CONFIG_PUSH_COUNT]  

2024-10-14 13:38:15,403 INFO Clear point  control rule for monitorKeys, pointName=[CONFIG_PUSH_COUNT]  

2024-10-14 13:38:15,408 INFO Load rule from local,pointName=CONFIG_PUSH_SUCCESS, ruleContent= 

2024-10-14 13:38:15,409 INFO Apply tps control rule parse start,pointName=[CONFIG_PUSH_SUCCESS]  

2024-10-14 13:38:15,409 INFO Clear point  control rule ,pointName=[CONFIG_PUSH_SUCCESS]  

2024-10-14 13:38:15,410 INFO Clear point  control rule for monitorKeys, pointName=[CONFIG_PUSH_SUCCESS]  

2024-10-14 13:38:15,410 INFO Load rule from local,pointName=CONFIG_PUSH_FAIL, ruleContent= 

2024-10-14 13:38:15,411 INFO Apply tps control rule parse start,pointName=[CONFIG_PUSH_FAIL]  

2024-10-14 13:38:15,411 INFO Clear point  control rule ,pointName=[CONFIG_PUSH_FAIL]  

2024-10-14 13:38:15,411 INFO Clear point  control rule for monitorKeys, pointName=[CONFIG_PUSH_FAIL]  

2024-10-14 13:39:05,923 INFO Register tps control,pointName=CONFIG_PUSH_COUNT, point=com.alibaba.nacos.core.remote.control.TpsMonitorPoint@6a969fb8 

2024-10-14 13:39:05,924 INFO Load rule from local,pointName=CONFIG_PUSH_COUNT, ruleContent= 

2024-10-14 13:39:05,925 INFO Apply tps control rule parse start,pointName=[CONFIG_PUSH_COUNT]  

2024-10-14 13:39:05,925 INFO Clear point  control rule ,pointName=[CONFIG_PUSH_COUNT]  

2024-10-14 13:39:05,925 INFO Clear point  control rule for monitorKeys, pointName=[CONFIG_PUSH_COUNT]  

2024-10-14 13:39:05,925 INFO Register tps control,pointName=CONFIG_PUSH_SUCCESS, point=com.alibaba.nacos.core.remote.control.TpsMonitorPoint@7a18e8d 

2024-10-14 13:39:05,926 INFO Load rule from local,pointName=CONFIG_PUSH_SUCCESS, ruleContent= 

2024-10-14 13:39:05,926 INFO Apply tps control rule parse start,pointName=[CONFIG_PUSH_SUCCESS]  

2024-10-14 13:39:05,926 INFO Clear point  control rule ,pointName=[CONFIG_PUSH_SUCCESS]  

2024-10-14 13:39:05,926 INFO Clear point  control rule for monitorKeys, pointName=[CONFIG_PUSH_SUCCESS]  

2024-10-14 13:39:05,926 INFO Register tps control,pointName=CONFIG_PUSH_FAIL, point=com.alibaba.nacos.core.remote.control.TpsMonitorPoint@3028e50e 

2024-10-14 13:39:05,926 INFO Load rule from local,pointName=CONFIG_PUSH_FAIL, ruleContent= 

2024-10-14 13:39:05,927 INFO Apply tps control rule parse start,pointName=[CONFIG_PUSH_FAIL]  

2024-10-14 13:39:05,927 INFO Clear point  control rule ,pointName=[CONFIG_PUSH_FAIL]  

2024-10-14 13:39:05,927 INFO Clear point  control rule for monitorKeys, pointName=[CONFIG_PUSH_FAIL]  

2024-10-14 13:39:59,925 INFO Register tps control,pointName=CONFIG_PUSH_COUNT, point=com.alibaba.nacos.core.remote.control.TpsMonitorPoint@5560bcdf 

2024-10-14 13:39:59,925 INFO Load rule from local,pointName=CONFIG_PUSH_COUNT, ruleContent= 

2024-10-14 13:39:59,926 INFO Apply tps control rule parse start,pointName=[CONFIG_PUSH_COUNT]  

2024-10-14 13:39:59,926 INFO Clear point  control rule ,pointName=[CONFIG_PUSH_COUNT]  

2024-10-14 13:39:59,926 INFO Clear point  control rule for monitorKeys, pointName=[CONFIG_PUSH_COUNT]  

2024-10-14 13:39:59,926 INFO Register tps control,pointName=CONFIG_PUSH_SUCCESS, point=com.alibaba.nacos.core.remote.control.TpsMonitorPoint@b558294 

2024-10-14 13:39:59,926 INFO Load rule from local,pointName=CONFIG_PUSH_SUCCESS, ruleContent= 

2024-10-14 13:39:59,926 INFO Apply tps control rule parse start,pointName=[CONFIG_PUSH_SUCCESS]  

2024-10-14 13:39:59,927 INFO Clear point  control rule ,pointName=[CONFIG_PUSH_SUCCESS]  

2024-10-14 13:39:59,927 INFO Clear point  control rule for monitorKeys, pointName=[CONFIG_PUSH_SUCCESS]  

2024-10-14 13:39:59,927 INFO Register tps control,pointName=CONFIG_PUSH_FAIL, point=com.alibaba.nacos.core.remote.control.TpsMonitorPoint@bb095 

2024-10-14 13:39:59,927 INFO Load rule from local,pointName=CONFIG_PUSH_FAIL, ruleContent= 

2024-10-14 13:39:59,927 INFO Apply tps control rule parse start,pointName=[CONFIG_PUSH_FAIL]  

2024-10-14 13:39:59,927 INFO Clear point  control rule ,pointName=[CONFIG_PUSH_FAIL]  

2024-10-14 13:39:59,927 INFO Clear point  control rule for monitorKeys, pointName=[CONFIG_PUSH_FAIL]  

2024-10-14 13:40:13,063 INFO Register tps control,pointName=ConfigQuery, point=com.alibaba.nacos.core.remote.control.TpsMonitorPoint@6240651f 

2024-10-14 13:40:13,068 INFO Load rule from local,pointName=ConfigQuery, ruleContent= 

2024-10-14 13:40:13,069 INFO Apply tps control rule parse start,pointName=[ConfigQuery]  

2024-10-14 13:40:13,069 INFO Clear point  control rule ,pointName=[ConfigQuery]  

2024-10-14 13:40:13,070 INFO Clear point  control rule for monitorKeys, pointName=[ConfigQuery]  

2024-10-14 13:40:13,070 INFO Register tps control,pointName=ClusterConfigChangeNotify, point=com.alibaba.nacos.core.remote.control.TpsMonitorPoint@3cf7298d 

2024-10-14 13:40:13,071 INFO Load rule from local,pointName=ClusterConfigChangeNotify, ruleContent= 

2024-10-14 13:40:13,071 INFO Apply tps control rule parse start,pointName=[ClusterConfigChangeNotify]  

2024-10-14 13:40:13,071 INFO Clear point  control rule ,pointName=[ClusterConfigChangeNotify]  

2024-10-14 13:40:13,072 INFO Clear point  control rule for monitorKeys, pointName=[ClusterConfigChangeNotify]  

2024-10-14 13:40:13,072 INFO Register tps control,pointName=ConfigListen, point=com.alibaba.nacos.core.remote.control.TpsMonitorPoint@1ff55ff 

2024-10-14 13:40:13,074 INFO Load rule from local,pointName=ConfigQuery, ruleContent= 

2024-10-14 13:40:13,074 INFO Apply tps control rule parse start,pointName=[ConfigQuery]  

2024-10-14 13:40:13,074 INFO Clear point  control rule ,pointName=[ConfigQuery]  

2024-10-14 13:40:13,074 INFO Clear point  control rule for monitorKeys, pointName=[ConfigQuery]  

2024-10-14 13:40:13,075 INFO Load rule from local,pointName=ConfigListen, ruleContent= 

2024-10-14 13:40:13,075 INFO Apply tps control rule parse start,pointName=[ConfigListen]  

2024-10-14 13:40:13,075 INFO Clear point  control rule ,pointName=[ConfigListen]  

2024-10-14 13:40:13,075 INFO Clear point  control rule for monitorKeys, pointName=[ConfigListen]  

2024-10-14 13:40:13,075 INFO Register tps control,pointName=ConfigRemove, point=com.alibaba.nacos.core.remote.control.TpsMonitorPoint@351f2244 

2024-10-14 13:40:13,075 INFO Load rule from local,pointName=ClusterConfigChangeNotify, ruleContent= 

2024-10-14 13:40:13,076 INFO Apply tps control rule parse start,pointName=[ClusterConfigChangeNotify]  

2024-10-14 13:40:13,076 INFO Clear point  control rule ,pointName=[ClusterConfigChangeNotify]  

2024-10-14 13:40:13,076 INFO Clear point  control rule for monitorKeys, pointName=[ClusterConfigChangeNotify]  

2024-10-14 13:40:13,077 INFO Load rule from local,pointName=ConfigRemove, ruleContent= 

2024-10-14 13:40:13,077 INFO Apply tps control rule parse start,pointName=[ConfigRemove]  

2024-10-14 13:40:13,077 INFO Clear point  control rule ,pointName=[ConfigRemove]  

2024-10-14 13:40:13,077 INFO Clear point  control rule for monitorKeys, pointName=[ConfigRemove]  

2024-10-14 13:40:13,077 INFO Register tps control,pointName=ConfigPublish, point=com.alibaba.nacos.core.remote.control.TpsMonitorPoint@5496c165 

2024-10-14 13:40:13,077 INFO Load rule from local,pointName=ConfigListen, ruleContent= 

2024-10-14 13:40:13,077 INFO Apply tps control rule parse start,pointName=[ConfigListen]  

2024-10-14 13:40:13,077 INFO Clear point  control rule ,pointName=[ConfigListen]  

2024-10-14 13:40:13,078 INFO Clear point  control rule for monitorKeys, pointName=[ConfigListen]  

2024-10-14 13:40:13,078 INFO Load rule from local,pointName=ConfigPublish, ruleContent= 

2024-10-14 13:40:13,078 INFO Apply tps control rule parse start,pointName=[ConfigPublish]  

2024-10-14 13:40:13,078 INFO Clear point  control rule ,pointName=[ConfigPublish]  

2024-10-14 13:40:13,078 INFO Clear point  control rule for monitorKeys, pointName=[ConfigPublish]  

2024-10-14 13:40:13,078 INFO Register tps control,pointName=HealthCheck, point=com.alibaba.nacos.core.remote.control.TpsMonitorPoint@51a8313b 

2024-10-14 13:40:13,078 INFO Load rule from local,pointName=ConfigRemove, ruleContent= 

2024-10-14 13:40:13,078 INFO Apply tps control rule parse start,pointName=[ConfigRemove]  

2024-10-14 13:40:13,079 INFO Clear point  control rule ,pointName=[ConfigRemove]  

2024-10-14 13:40:13,079 INFO Clear point  control rule for monitorKeys, pointName=[ConfigRemove]  

2024-10-14 13:40:13,079 INFO Load rule from local,pointName=HealthCheck, ruleContent= 

2024-10-14 13:40:13,079 INFO Apply tps control rule parse start,pointName=[HealthCheck]  

2024-10-14 13:40:13,079 INFO Clear point  control rule ,pointName=[HealthCheck]  

2024-10-14 13:40:13,079 INFO Clear point  control rule for monitorKeys, pointName=[HealthCheck]  

2024-10-14 13:40:13,080 INFO Load rule from local,pointName=ConfigPublish, ruleContent= 

2024-10-14 13:40:13,084 INFO Apply tps control rule parse start,pointName=[ConfigPublish]  

2024-10-14 13:40:13,085 INFO Clear point  control rule ,pointName=[ConfigPublish]  

2024-10-14 13:40:13,087 INFO Clear point  control rule for monitorKeys, pointName=[ConfigPublish]  

2024-10-14 13:40:13,089 INFO Load rule from local,pointName=HealthCheck, ruleContent= 

2024-10-14 13:40:13,091 INFO Apply tps control rule parse start,pointName=[HealthCheck]  

2024-10-14 13:40:13,092 INFO Clear point  control rule ,pointName=[HealthCheck]  

2024-10-14 13:40:13,093 INFO Clear point  control rule for monitorKeys, pointName=[HealthCheck]  

2024-10-14 13:45:00,289 INFO Register tps control,pointName=CONFIG_PUSH_COUNT, point=com.alibaba.nacos.core.remote.control.TpsMonitorPoint@27aae97b 

2024-10-14 13:45:00,290 INFO Load rule from local,pointName=CONFIG_PUSH_COUNT, ruleContent= 

2024-10-14 13:45:00,291 INFO Apply tps control rule parse start,pointName=[CONFIG_PUSH_COUNT]  

2024-10-14 13:45:00,291 INFO Clear point  control rule ,pointName=[CONFIG_PUSH_COUNT]  

2024-10-14 13:45:00,291 INFO Clear point  control rule for monitorKeys, pointName=[CONFIG_PUSH_COUNT]  

2024-10-14 13:45:00,292 INFO Register tps control,pointName=CONFIG_PUSH_SUCCESS, point=com.alibaba.nacos.core.remote.control.TpsMonitorPoint@4c9e38 

2024-10-14 13:45:00,293 INFO Load rule from local,pointName=CONFIG_PUSH_SUCCESS, ruleContent= 

2024-10-14 13:45:00,293 INFO Apply tps control rule parse start,pointName=[CONFIG_PUSH_SUCCESS]  

2024-10-14 13:45:00,294 INFO Clear point  control rule ,pointName=[CONFIG_PUSH_SUCCESS]  

2024-10-14 13:45:00,294 INFO Clear point  control rule for monitorKeys, pointName=[CONFIG_PUSH_SUCCESS]  

2024-10-14 13:45:00,295 INFO Register tps control,pointName=CONFIG_PUSH_FAIL, point=com.alibaba.nacos.core.remote.control.TpsMonitorPoint@5d1e09bc 

2024-10-14 13:45:00,295 INFO Load rule from local,pointName=CONFIG_PUSH_FAIL, ruleContent= 

2024-10-14 13:45:00,296 INFO Apply tps control rule parse start,pointName=[CONFIG_PUSH_FAIL]  

2024-10-14 13:45:00,296 INFO Clear point  control rule ,pointName=[CONFIG_PUSH_FAIL]  

2024-10-14 13:45:00,296 INFO Clear point  control rule for monitorKeys, pointName=[CONFIG_PUSH_FAIL]  

2024-10-14 13:45:00,301 INFO Load rule from local,pointName=CONFIG_PUSH_COUNT, ruleContent= 

2024-10-14 13:45:00,308 INFO Apply tps control rule parse start,pointName=[CONFIG_PUSH_COUNT]  

2024-10-14 13:45:00,308 INFO Clear point  control rule ,pointName=[CONFIG_PUSH_COUNT]  

2024-10-14 13:45:00,308 INFO Clear point  control rule for monitorKeys, pointName=[CONFIG_PUSH_COUNT]  

2024-10-14 13:45:00,309 INFO Load rule from local,pointName=CONFIG_PUSH_SUCCESS, ruleContent= 

2024-10-14 13:45:00,309 INFO Apply tps control rule parse start,pointName=[CONFIG_PUSH_SUCCESS]  

2024-10-14 13:45:00,309 INFO Clear point  control rule ,pointName=[CONFIG_PUSH_SUCCESS]  

2024-10-14 13:45:00,309 INFO Clear point  control rule for monitorKeys, pointName=[CONFIG_PUSH_SUCCESS]  

2024-10-14 13:45:00,309 INFO Load rule from local,pointName=CONFIG_PUSH_FAIL, ruleContent= 

2024-10-14 13:45:00,310 INFO Apply tps control rule parse start,pointName=[CONFIG_PUSH_FAIL]  

2024-10-14 13:45:00,310 INFO Clear point  control rule ,pointName=[CONFIG_PUSH_FAIL]  

2024-10-14 13:45:00,310 INFO Clear point  control rule for monitorKeys, pointName=[CONFIG_PUSH_FAIL]  

2024-10-14 13:45:48,354 INFO Register tps control,pointName=CONFIG_PUSH_COUNT, point=com.alibaba.nacos.core.remote.control.TpsMonitorPoint@777c350f 

2024-10-14 13:45:48,355 INFO Load rule from local,pointName=CONFIG_PUSH_COUNT, ruleContent= 

2024-10-14 13:45:48,355 INFO Apply tps control rule parse start,pointName=[CONFIG_PUSH_COUNT]  

2024-10-14 13:45:48,355 INFO Clear point  control rule ,pointName=[CONFIG_PUSH_COUNT]  

2024-10-14 13:45:48,355 INFO Clear point  control rule for monitorKeys, pointName=[CONFIG_PUSH_COUNT]  

2024-10-14 13:45:48,355 INFO Register tps control,pointName=CONFIG_PUSH_SUCCESS, point=com.alibaba.nacos.core.remote.control.TpsMonitorPoint@27aae97b 

2024-10-14 13:45:48,356 INFO Load rule from local,pointName=CONFIG_PUSH_SUCCESS, ruleContent= 

2024-10-14 13:45:48,356 INFO Apply tps control rule parse start,pointName=[CONFIG_PUSH_SUCCESS]  

2024-10-14 13:45:48,356 INFO Clear point  control rule ,pointName=[CONFIG_PUSH_SUCCESS]  

2024-10-14 13:45:48,356 INFO Clear point  control rule for monitorKeys, pointName=[CONFIG_PUSH_SUCCESS]  

2024-10-14 13:45:48,356 INFO Register tps control,pointName=CONFIG_PUSH_FAIL, point=com.alibaba.nacos.core.remote.control.TpsMonitorPoint@4c9e38 

2024-10-14 13:45:48,356 INFO Load rule from local,pointName=CONFIG_PUSH_FAIL, ruleContent= 

2024-10-14 13:45:48,357 INFO Apply tps control rule parse start,pointName=[CONFIG_PUSH_FAIL]  

2024-10-14 13:45:48,357 INFO Clear point  control rule ,pointName=[CONFIG_PUSH_FAIL]  

2024-10-14 13:45:48,357 INFO Clear point  control rule for monitorKeys, pointName=[CONFIG_PUSH_FAIL]  

2024-10-14 13:45:48,359 INFO Load rule from local,pointName=CONFIG_PUSH_COUNT, ruleContent= 

2024-10-14 13:45:48,361 INFO Apply tps control rule parse start,pointName=[CONFIG_PUSH_COUNT]  

2024-10-14 13:45:48,361 INFO Clear point  control rule ,pointName=[CONFIG_PUSH_COUNT]  

2024-10-14 13:45:48,361 INFO Clear point  control rule for monitorKeys, pointName=[CONFIG_PUSH_COUNT]  

2024-10-14 13:45:48,361 INFO Load rule from local,pointName=CONFIG_PUSH_SUCCESS, ruleContent= 

2024-10-14 13:45:48,362 INFO Apply tps control rule parse start,pointName=[CONFIG_PUSH_SUCCESS]  

2024-10-14 13:45:48,362 INFO Clear point  control rule ,pointName=[CONFIG_PUSH_SUCCESS]  

2024-10-14 13:45:48,362 INFO Clear point  control rule for monitorKeys, pointName=[CONFIG_PUSH_SUCCESS]  

2024-10-14 13:45:48,362 INFO Load rule from local,pointName=CONFIG_PUSH_FAIL, ruleContent= 

2024-10-14 13:45:48,362 INFO Apply tps control rule parse start,pointName=[CONFIG_PUSH_FAIL]  

2024-10-14 13:45:48,363 INFO Clear point  control rule ,pointName=[CONFIG_PUSH_FAIL]  

2024-10-14 13:45:48,363 INFO Clear point  control rule for monitorKeys, pointName=[CONFIG_PUSH_FAIL]  

2024-10-14 13:49:59,792 INFO Register tps control,pointName=CONFIG_PUSH_COUNT, point=com.alibaba.nacos.core.remote.control.TpsMonitorPoint@4c9e38 

2024-10-14 13:49:59,792 INFO Load rule from local,pointName=CONFIG_PUSH_COUNT, ruleContent= 

2024-10-14 13:49:59,793 INFO Apply tps control rule parse start,pointName=[CONFIG_PUSH_COUNT]  

2024-10-14 13:49:59,793 INFO Clear point  control rule ,pointName=[CONFIG_PUSH_COUNT]  

2024-10-14 13:49:59,793 INFO Clear point  control rule for monitorKeys, pointName=[CONFIG_PUSH_COUNT]  

2024-10-14 13:49:59,793 INFO Register tps control,pointName=CONFIG_PUSH_SUCCESS, point=com.alibaba.nacos.core.remote.control.TpsMonitorPoint@5d1e09bc 

2024-10-14 13:49:59,794 INFO Load rule from local,pointName=CONFIG_PUSH_SUCCESS, ruleContent= 

2024-10-14 13:49:59,794 INFO Apply tps control rule parse start,pointName=[CONFIG_PUSH_SUCCESS]  

2024-10-14 13:49:59,794 INFO Clear point  control rule ,pointName=[CONFIG_PUSH_SUCCESS]  

2024-10-14 13:49:59,794 INFO Clear point  control rule for monitorKeys, pointName=[CONFIG_PUSH_SUCCESS]  

2024-10-14 13:49:59,794 INFO Register tps control,pointName=CONFIG_PUSH_FAIL, point=com.alibaba.nacos.core.remote.control.TpsMonitorPoint@4bdc8b5d 

2024-10-14 13:49:59,794 INFO Load rule from local,pointName=CONFIG_PUSH_FAIL, ruleContent= 

2024-10-14 13:49:59,795 INFO Apply tps control rule parse start,pointName=[CONFIG_PUSH_FAIL]  

2024-10-14 13:49:59,795 INFO Clear point  control rule ,pointName=[CONFIG_PUSH_FAIL]  

2024-10-14 13:49:59,795 INFO Clear point  control rule for monitorKeys, pointName=[CONFIG_PUSH_FAIL]  

2024-10-14 13:49:59,798 INFO Load rule from local,pointName=CONFIG_PUSH_COUNT, ruleContent= 

2024-10-14 13:49:59,807 INFO Apply tps control rule parse start,pointName=[CONFIG_PUSH_COUNT]  

2024-10-14 13:49:59,807 INFO Clear point  control rule ,pointName=[CONFIG_PUSH_COUNT]  

2024-10-14 13:49:59,807 INFO Clear point  control rule for monitorKeys, pointName=[CONFIG_PUSH_COUNT]  

2024-10-14 13:49:59,808 INFO Load rule from local,pointName=CONFIG_PUSH_SUCCESS, ruleContent= 

2024-10-14 13:49:59,808 INFO Apply tps control rule parse start,pointName=[CONFIG_PUSH_SUCCESS]  

2024-10-14 13:49:59,809 INFO Clear point  control rule ,pointName=[CONFIG_PUSH_SUCCESS]  

2024-10-14 13:49:59,809 INFO Clear point  control rule for monitorKeys, pointName=[CONFIG_PUSH_SUCCESS]  

2024-10-14 13:49:59,809 INFO Load rule from local,pointName=CONFIG_PUSH_FAIL, ruleContent= 

2024-10-14 13:49:59,809 INFO Apply tps control rule parse start,pointName=[CONFIG_PUSH_FAIL]  

2024-10-14 13:49:59,809 INFO Clear point  control rule ,pointName=[CONFIG_PUSH_FAIL]  

2024-10-14 13:49:59,810 INFO Clear point  control rule for monitorKeys, pointName=[CONFIG_PUSH_FAIL]  

2024-10-14 13:53:16,283 INFO Register tps control,pointName=CONFIG_PUSH_COUNT, point=com.alibaba.nacos.core.remote.control.TpsMonitorPoint@777c350f 

2024-10-14 13:53:16,286 INFO Load rule from local,pointName=CONFIG_PUSH_COUNT, ruleContent= 

2024-10-14 13:53:16,286 INFO Apply tps control rule parse start,pointName=[CONFIG_PUSH_COUNT]  

2024-10-14 13:53:16,286 INFO Clear point  control rule ,pointName=[CONFIG_PUSH_COUNT]  

2024-10-14 13:53:16,286 INFO Clear point  control rule for monitorKeys, pointName=[CONFIG_PUSH_COUNT]  

2024-10-14 13:53:16,287 INFO Register tps control,pointName=CONFIG_PUSH_SUCCESS, point=com.alibaba.nacos.core.remote.control.TpsMonitorPoint@27aae97b 

2024-10-14 13:53:16,287 INFO Load rule from local,pointName=CONFIG_PUSH_SUCCESS, ruleContent= 

2024-10-14 13:53:16,288 INFO Apply tps control rule parse start,pointName=[CONFIG_PUSH_SUCCESS]  

2024-10-14 13:53:16,288 INFO Clear point  control rule ,pointName=[CONFIG_PUSH_SUCCESS]  

2024-10-14 13:53:16,288 INFO Clear point  control rule for monitorKeys, pointName=[CONFIG_PUSH_SUCCESS]  

2024-10-14 13:53:16,289 INFO Register tps control,pointName=CONFIG_PUSH_FAIL, point=com.alibaba.nacos.core.remote.control.TpsMonitorPoint@4c9e38 

2024-10-14 13:53:16,289 INFO Load rule from local,pointName=CONFIG_PUSH_FAIL, ruleContent= 

2024-10-14 13:53:16,289 INFO Apply tps control rule parse start,pointName=[CONFIG_PUSH_FAIL]  

2024-10-14 13:53:16,289 INFO Clear point  control rule ,pointName=[CONFIG_PUSH_FAIL]  

2024-10-14 13:53:16,289 INFO Clear point  control rule for monitorKeys, pointName=[CONFIG_PUSH_FAIL]  

2024-10-14 13:53:16,292 INFO Load rule from local,pointName=CONFIG_PUSH_COUNT, ruleContent= 

2024-10-14 13:53:16,293 INFO Apply tps control rule parse start,pointName=[CONFIG_PUSH_COUNT]  

2024-10-14 13:53:16,293 INFO Clear point  control rule ,pointName=[CONFIG_PUSH_COUNT]  

2024-10-14 13:53:16,293 INFO Clear point  control rule for monitorKeys, pointName=[CONFIG_PUSH_COUNT]  

2024-10-14 13:53:16,294 INFO Load rule from local,pointName=CONFIG_PUSH_SUCCESS, ruleContent= 

2024-10-14 13:53:16,297 INFO Apply tps control rule parse start,pointName=[CONFIG_PUSH_SUCCESS]  

2024-10-14 13:53:16,297 INFO Clear point  control rule ,pointName=[CONFIG_PUSH_SUCCESS]  

2024-10-14 13:53:16,297 INFO Clear point  control rule for monitorKeys, pointName=[CONFIG_PUSH_SUCCESS]  

2024-10-14 13:53:16,299 INFO Load rule from local,pointName=CONFIG_PUSH_FAIL, ruleContent= 

2024-10-14 13:53:16,299 INFO Apply tps control rule parse start,pointName=[CONFIG_PUSH_FAIL]  

2024-10-14 13:53:16,299 INFO Clear point  control rule ,pointName=[CONFIG_PUSH_FAIL]  

2024-10-14 13:53:16,300 INFO Clear point  control rule for monitorKeys, pointName=[CONFIG_PUSH_FAIL]  

2024-10-14 13:55:30,415 INFO Register tps control,pointName=CONFIG_PUSH_COUNT, point=com.alibaba.nacos.core.remote.control.TpsMonitorPoint@5b5c0057 

2024-10-14 13:55:30,416 INFO Load rule from local,pointName=CONFIG_PUSH_COUNT, ruleContent= 

2024-10-14 13:55:30,416 INFO Apply tps control rule parse start,pointName=[CONFIG_PUSH_COUNT]  

2024-10-14 13:55:30,417 INFO Clear point  control rule ,pointName=[CONFIG_PUSH_COUNT]  

2024-10-14 13:55:30,417 INFO Clear point  control rule for monitorKeys, pointName=[CONFIG_PUSH_COUNT]  

2024-10-14 13:55:30,418 INFO Register tps control,pointName=CONFIG_PUSH_SUCCESS, point=com.alibaba.nacos.core.remote.control.TpsMonitorPoint@749f539e 

2024-10-14 13:55:30,419 INFO Load rule from local,pointName=CONFIG_PUSH_SUCCESS, ruleContent= 

2024-10-14 13:55:30,419 INFO Apply tps control rule parse start,pointName=[CONFIG_PUSH_SUCCESS]  

2024-10-14 13:55:30,419 INFO Clear point  control rule ,pointName=[CONFIG_PUSH_SUCCESS]  

2024-10-14 13:55:30,419 INFO Clear point  control rule for monitorKeys, pointName=[CONFIG_PUSH_SUCCESS]  

2024-10-14 13:55:30,419 INFO Register tps control,pointName=CONFIG_PUSH_FAIL, point=com.alibaba.nacos.core.remote.control.TpsMonitorPoint@5ca1f591 

2024-10-14 13:55:30,419 INFO Load rule from local,pointName=CONFIG_PUSH_FAIL, ruleContent= 

2024-10-14 13:55:30,420 INFO Apply tps control rule parse start,pointName=[CONFIG_PUSH_FAIL]  

2024-10-14 13:55:30,420 INFO Clear point  control rule ,pointName=[CONFIG_PUSH_FAIL]  

2024-10-14 13:55:30,420 INFO Clear point  control rule for monitorKeys, pointName=[CONFIG_PUSH_FAIL]  

2024-10-14 13:55:30,423 INFO Load rule from local,pointName=CONFIG_PUSH_COUNT, ruleContent= 

2024-10-14 13:55:30,427 INFO Apply tps control rule parse start,pointName=[CONFIG_PUSH_COUNT]  

2024-10-14 13:55:30,428 INFO Clear point  control rule ,pointName=[CONFIG_PUSH_COUNT]  

2024-10-14 13:55:30,428 INFO Clear point  control rule for monitorKeys, pointName=[CONFIG_PUSH_COUNT]  

2024-10-14 13:55:30,429 INFO Load rule from local,pointName=CONFIG_PUSH_SUCCESS, ruleContent= 

2024-10-14 13:55:30,429 INFO Apply tps control rule parse start,pointName=[CONFIG_PUSH_SUCCESS]  

2024-10-14 13:55:30,429 INFO Clear point  control rule ,pointName=[CONFIG_PUSH_SUCCESS]  

2024-10-14 13:55:30,429 INFO Clear point  control rule for monitorKeys, pointName=[CONFIG_PUSH_SUCCESS]  

2024-10-14 13:55:30,429 INFO Load rule from local,pointName=CONFIG_PUSH_FAIL, ruleContent= 

2024-10-14 13:55:30,430 INFO Apply tps control rule parse start,pointName=[CONFIG_PUSH_FAIL]  

2024-10-14 13:55:30,430 INFO Clear point  control rule ,pointName=[CONFIG_PUSH_FAIL]  

2024-10-14 13:55:30,430 INFO Clear point  control rule for monitorKeys, pointName=[CONFIG_PUSH_FAIL]  

2024-10-14 13:56:44,203 INFO Register tps control,pointName=CONFIG_PUSH_COUNT, point=com.alibaba.nacos.core.remote.control.TpsMonitorPoint@bb095 

2024-10-14 13:56:44,204 INFO Load rule from local,pointName=CONFIG_PUSH_COUNT, ruleContent= 

2024-10-14 13:56:44,204 INFO Apply tps control rule parse start,pointName=[CONFIG_PUSH_COUNT]  

2024-10-14 13:56:44,204 INFO Clear point  control rule ,pointName=[CONFIG_PUSH_COUNT]  

2024-10-14 13:56:44,205 INFO Clear point  control rule for monitorKeys, pointName=[CONFIG_PUSH_COUNT]  

2024-10-14 13:56:44,205 INFO Register tps control,pointName=CONFIG_PUSH_SUCCESS, point=com.alibaba.nacos.core.remote.control.TpsMonitorPoint@777c350f 

2024-10-14 13:56:44,205 INFO Load rule from local,pointName=CONFIG_PUSH_SUCCESS, ruleContent= 

2024-10-14 13:56:44,205 INFO Apply tps control rule parse start,pointName=[CONFIG_PUSH_SUCCESS]  

2024-10-14 13:56:44,206 INFO Clear point  control rule ,pointName=[CONFIG_PUSH_SUCCESS]  

2024-10-14 13:56:44,206 INFO Clear point  control rule for monitorKeys, pointName=[CONFIG_PUSH_SUCCESS]  

2024-10-14 13:56:44,206 INFO Register tps control,pointName=CONFIG_PUSH_FAIL, point=com.alibaba.nacos.core.remote.control.TpsMonitorPoint@27aae97b 

2024-10-14 13:56:44,206 INFO Load rule from local,pointName=CONFIG_PUSH_FAIL, ruleContent= 

2024-10-14 13:56:44,206 INFO Apply tps control rule parse start,pointName=[CONFIG_PUSH_FAIL]  

2024-10-14 13:56:44,206 INFO Clear point  control rule ,pointName=[CONFIG_PUSH_FAIL]  

2024-10-14 13:56:44,206 INFO Clear point  control rule for monitorKeys, pointName=[CONFIG_PUSH_FAIL]  

2024-10-14 13:56:44,208 INFO Load rule from local,pointName=CONFIG_PUSH_COUNT, ruleContent= 

2024-10-14 13:56:44,219 INFO Apply tps control rule parse start,pointName=[CONFIG_PUSH_COUNT]  

2024-10-14 13:56:44,220 INFO Clear point  control rule ,pointName=[CONFIG_PUSH_COUNT]  

2024-10-14 13:56:44,220 INFO Clear point  control rule for monitorKeys, pointName=[CONFIG_PUSH_COUNT]  

2024-10-14 13:56:44,222 INFO Load rule from local,pointName=CONFIG_PUSH_SUCCESS, ruleContent= 

2024-10-14 13:56:44,223 INFO Apply tps control rule parse start,pointName=[CONFIG_PUSH_SUCCESS]  

2024-10-14 13:56:44,223 INFO Clear point  control rule ,pointName=[CONFIG_PUSH_SUCCESS]  

2024-10-14 13:56:44,227 INFO Clear point  control rule for monitorKeys, pointName=[CONFIG_PUSH_SUCCESS]  

2024-10-14 13:56:44,227 INFO Load rule from local,pointName=CONFIG_PUSH_FAIL, ruleContent= 

2024-10-14 13:56:44,227 INFO Apply tps control rule parse start,pointName=[CONFIG_PUSH_FAIL]  

2024-10-14 13:56:44,227 INFO Clear point  control rule ,pointName=[CONFIG_PUSH_FAIL]  

2024-10-14 13:56:44,227 INFO Clear point  control rule for monitorKeys, pointName=[CONFIG_PUSH_FAIL]  

2024-10-14 13:58:50,530 INFO Register tps control,pointName=CONFIG_PUSH_COUNT, point=com.alibaba.nacos.core.remote.control.TpsMonitorPoint@27aae97b 

2024-10-14 13:58:50,532 INFO Load rule from local,pointName=CONFIG_PUSH_COUNT, ruleContent= 

2024-10-14 13:58:50,533 INFO Apply tps control rule parse start,pointName=[CONFIG_PUSH_COUNT]  

2024-10-14 13:58:50,533 INFO Clear point  control rule ,pointName=[CONFIG_PUSH_COUNT]  

2024-10-14 13:58:50,533 INFO Clear point  control rule for monitorKeys, pointName=[CONFIG_PUSH_COUNT]  

2024-10-14 13:58:50,533 INFO Register tps control,pointName=CONFIG_PUSH_SUCCESS, point=com.alibaba.nacos.core.remote.control.TpsMonitorPoint@4c9e38 

2024-10-14 13:58:50,534 INFO Load rule from local,pointName=CONFIG_PUSH_SUCCESS, ruleContent= 

2024-10-14 13:58:50,534 INFO Apply tps control rule parse start,pointName=[CONFIG_PUSH_SUCCESS]  

2024-10-14 13:58:50,534 INFO Clear point  control rule ,pointName=[CONFIG_PUSH_SUCCESS]  

2024-10-14 13:58:50,534 INFO Clear point  control rule for monitorKeys, pointName=[CONFIG_PUSH_SUCCESS]  

2024-10-14 13:58:50,534 INFO Register tps control,pointName=CONFIG_PUSH_FAIL, point=com.alibaba.nacos.core.remote.control.TpsMonitorPoint@5d1e09bc 

2024-10-14 13:58:50,534 INFO Load rule from local,pointName=CONFIG_PUSH_FAIL, ruleContent= 

2024-10-14 13:58:50,534 INFO Apply tps control rule parse start,pointName=[CONFIG_PUSH_FAIL]  

2024-10-14 13:58:50,534 INFO Clear point  control rule ,pointName=[CONFIG_PUSH_FAIL]  

2024-10-14 13:58:50,534 INFO Clear point  control rule for monitorKeys, pointName=[CONFIG_PUSH_FAIL]  

2024-10-14 13:59:21,865 INFO Register tps control,pointName=CONFIG_PUSH_COUNT, point=com.alibaba.nacos.core.remote.control.TpsMonitorPoint@7a18e8d 

2024-10-14 13:59:21,867 INFO Load rule from local,pointName=CONFIG_PUSH_COUNT, ruleContent= 

2024-10-14 13:59:21,867 INFO Apply tps control rule parse start,pointName=[CONFIG_PUSH_COUNT]  

2024-10-14 13:59:21,867 INFO Clear point  control rule ,pointName=[CONFIG_PUSH_COUNT]  

2024-10-14 13:59:21,868 INFO Clear point  control rule for monitorKeys, pointName=[CONFIG_PUSH_COUNT]  

2024-10-14 13:59:21,868 INFO Register tps control,pointName=CONFIG_PUSH_SUCCESS, point=com.alibaba.nacos.core.remote.control.TpsMonitorPoint@3028e50e 

2024-10-14 13:59:21,868 INFO Load rule from local,pointName=CONFIG_PUSH_SUCCESS, ruleContent= 

2024-10-14 13:59:21,869 INFO Apply tps control rule parse start,pointName=[CONFIG_PUSH_SUCCESS]  

2024-10-14 13:59:21,869 INFO Clear point  control rule ,pointName=[CONFIG_PUSH_SUCCESS]  

2024-10-14 13:59:21,870 INFO Clear point  control rule for monitorKeys, pointName=[CONFIG_PUSH_SUCCESS]  

2024-10-14 13:59:21,870 INFO Register tps control,pointName=CONFIG_PUSH_FAIL, point=com.alibaba.nacos.core.remote.control.TpsMonitorPoint@5560bcdf 

2024-10-14 13:59:21,870 INFO Load rule from local,pointName=CONFIG_PUSH_FAIL, ruleContent= 

2024-10-14 13:59:21,870 INFO Apply tps control rule parse start,pointName=[CONFIG_PUSH_FAIL]  

2024-10-14 13:59:21,870 INFO Clear point  control rule ,pointName=[CONFIG_PUSH_FAIL]  

2024-10-14 13:59:21,870 INFO Clear point  control rule for monitorKeys, pointName=[CONFIG_PUSH_FAIL]  

2024-10-14 13:59:33,369 INFO Register tps control,pointName=ConfigQuery, point=com.alibaba.nacos.core.remote.control.TpsMonitorPoint@351f2244 

2024-10-14 13:59:33,371 INFO Load rule from local,pointName=ConfigQuery, ruleContent= 

2024-10-14 13:59:33,373 INFO Apply tps control rule parse start,pointName=[ConfigQuery]  

2024-10-14 13:59:33,373 INFO Clear point  control rule ,pointName=[ConfigQuery]  

2024-10-14 13:59:33,374 INFO Clear point  control rule for monitorKeys, pointName=[ConfigQuery]  

2024-10-14 13:59:33,374 INFO Register tps control,pointName=ClusterConfigChangeNotify, point=com.alibaba.nacos.core.remote.control.TpsMonitorPoint@5496c165 

2024-10-14 13:59:33,375 INFO Load rule from local,pointName=ClusterConfigChangeNotify, ruleContent= 

2024-10-14 13:59:33,376 INFO Apply tps control rule parse start,pointName=[ClusterConfigChangeNotify]  

2024-10-14 13:59:33,376 INFO Clear point  control rule ,pointName=[ClusterConfigChangeNotify]  

2024-10-14 13:59:33,376 INFO Clear point  control rule for monitorKeys, pointName=[ClusterConfigChangeNotify]  

2024-10-14 13:59:33,376 INFO Register tps control,pointName=ConfigListen, point=com.alibaba.nacos.core.remote.control.TpsMonitorPoint@51a8313b 

2024-10-14 13:59:33,377 INFO Load rule from local,pointName=ConfigQuery, ruleContent= 

2024-10-14 13:59:33,377 INFO Apply tps control rule parse start,pointName=[ConfigQuery]  

2024-10-14 13:59:33,377 INFO Clear point  control rule ,pointName=[ConfigQuery]  

2024-10-14 13:59:33,378 INFO Clear point  control rule for monitorKeys, pointName=[ConfigQuery]  

2024-10-14 13:59:33,378 INFO Load rule from local,pointName=ConfigListen, ruleContent= 

2024-10-14 13:59:33,378 INFO Apply tps control rule parse start,pointName=[ConfigListen]  

2024-10-14 13:59:33,378 INFO Clear point  control rule ,pointName=[ConfigListen]  

2024-10-14 13:59:33,379 INFO Clear point  control rule for monitorKeys, pointName=[ConfigListen]  

2024-10-14 13:59:33,379 INFO Register tps control,pointName=ConfigRemove, point=com.alibaba.nacos.core.remote.control.TpsMonitorPoint@2a03d65c 

2024-10-14 13:59:33,379 INFO Load rule from local,pointName=ClusterConfigChangeNotify, ruleContent= 

2024-10-14 13:59:33,380 INFO Apply tps control rule parse start,pointName=[ClusterConfigChangeNotify]  

2024-10-14 13:59:33,380 INFO Clear point  control rule ,pointName=[ClusterConfigChangeNotify]  

2024-10-14 13:59:33,380 INFO Clear point  control rule for monitorKeys, pointName=[ClusterConfigChangeNotify]  

2024-10-14 13:59:33,380 INFO Load rule from local,pointName=ConfigRemove, ruleContent= 

2024-10-14 13:59:33,380 INFO Apply tps control rule parse start,pointName=[ConfigRemove]  

2024-10-14 13:59:33,380 INFO Clear point  control rule ,pointName=[ConfigRemove]  

2024-10-14 13:59:33,380 INFO Clear point  control rule for monitorKeys, pointName=[ConfigRemove]  

2024-10-14 13:59:33,380 INFO Register tps control,pointName=ConfigPublish, point=com.alibaba.nacos.core.remote.control.TpsMonitorPoint@6642dc5a 

2024-10-14 13:59:33,380 INFO Load rule from local,pointName=ConfigListen, ruleContent= 

2024-10-14 13:59:33,380 INFO Apply tps control rule parse start,pointName=[ConfigListen]  

2024-10-14 13:59:33,380 INFO Clear point  control rule ,pointName=[ConfigListen]  

2024-10-14 13:59:33,381 INFO Clear point  control rule for monitorKeys, pointName=[ConfigListen]  

2024-10-14 13:59:33,381 INFO Load rule from local,pointName=ConfigPublish, ruleContent= 

2024-10-14 13:59:33,381 INFO Apply tps control rule parse start,pointName=[ConfigPublish]  

2024-10-14 13:59:33,381 INFO Clear point  control rule ,pointName=[ConfigPublish]  

2024-10-14 13:59:33,381 INFO Clear point  control rule for monitorKeys, pointName=[ConfigPublish]  

2024-10-14 13:59:33,381 INFO Load rule from local,pointName=ConfigRemove, ruleContent= 

2024-10-14 13:59:33,381 INFO Register tps control,pointName=HealthCheck, point=com.alibaba.nacos.core.remote.control.TpsMonitorPoint@43da41e 

2024-10-14 13:59:33,382 INFO Apply tps control rule parse start,pointName=[ConfigRemove]  

2024-10-14 13:59:33,382 INFO Clear point  control rule ,pointName=[ConfigRemove]  

2024-10-14 13:59:33,382 INFO Clear point  control rule for monitorKeys, pointName=[ConfigRemove]  

2024-10-14 13:59:33,382 INFO Load rule from local,pointName=HealthCheck, ruleContent= 

2024-10-14 13:59:33,382 INFO Apply tps control rule parse start,pointName=[HealthCheck]  

2024-10-14 13:59:33,382 INFO Clear point  control rule ,pointName=[HealthCheck]  

2024-10-14 13:59:33,382 INFO Clear point  control rule for monitorKeys, pointName=[HealthCheck]  

2024-10-14 13:59:33,383 INFO Load rule from local,pointName=ConfigPublish, ruleContent= 

2024-10-14 13:59:33,386 INFO Apply tps control rule parse start,pointName=[ConfigPublish]  

2024-10-14 13:59:33,387 INFO Clear point  control rule ,pointName=[ConfigPublish]  

2024-10-14 13:59:33,389 INFO Clear point  control rule for monitorKeys, pointName=[ConfigPublish]  

2024-10-14 13:59:33,390 INFO Load rule from local,pointName=HealthCheck, ruleContent= 

2024-10-14 13:59:33,390 INFO Apply tps control rule parse start,pointName=[HealthCheck]  

2024-10-14 13:59:33,394 INFO Clear point  control rule ,pointName=[HealthCheck]  

2024-10-14 13:59:33,394 INFO Clear point  control rule for monitorKeys, pointName=[HealthCheck]  

2024-10-14 14:03:33,336 INFO Register tps control,pointName=CONFIG_PUSH_COUNT, point=com.alibaba.nacos.core.remote.control.TpsMonitorPoint@21719a0 

2024-10-14 14:03:33,336 INFO Load rule from local,pointName=CONFIG_PUSH_COUNT, ruleContent= 

2024-10-14 14:03:33,336 INFO Apply tps control rule parse start,pointName=[CONFIG_PUSH_COUNT]  

2024-10-14 14:03:33,337 INFO Clear point  control rule ,pointName=[CONFIG_PUSH_COUNT]  

2024-10-14 14:03:33,338 INFO Clear point  control rule for monitorKeys, pointName=[CONFIG_PUSH_COUNT]  

2024-10-14 14:03:33,338 INFO Register tps control,pointName=CONFIG_PUSH_SUCCESS, point=com.alibaba.nacos.core.remote.control.TpsMonitorPoint@76b224cd 

2024-10-14 14:03:33,339 INFO Load rule from local,pointName=CONFIG_PUSH_SUCCESS, ruleContent= 

2024-10-14 14:03:33,339 INFO Apply tps control rule parse start,pointName=[CONFIG_PUSH_SUCCESS]  

2024-10-14 14:03:33,339 INFO Clear point  control rule ,pointName=[CONFIG_PUSH_SUCCESS]  

2024-10-14 14:03:33,339 INFO Clear point  control rule for monitorKeys, pointName=[CONFIG_PUSH_SUCCESS]  

2024-10-14 14:03:33,340 INFO Register tps control,pointName=CONFIG_PUSH_FAIL, point=com.alibaba.nacos.core.remote.control.TpsMonitorPoint@77ee25f1 

2024-10-14 14:03:33,341 INFO Load rule from local,pointName=CONFIG_PUSH_COUNT, ruleContent= 

2024-10-14 14:03:33,342 INFO Apply tps control rule parse start,pointName=[CONFIG_PUSH_COUNT]  

2024-10-14 14:03:33,342 INFO Clear point  control rule ,pointName=[CONFIG_PUSH_COUNT]  

2024-10-14 14:03:33,342 INFO Clear point  control rule for monitorKeys, pointName=[CONFIG_PUSH_COUNT]  

2024-10-14 14:03:33,342 INFO Load rule from local,pointName=CONFIG_PUSH_FAIL, ruleContent= 

2024-10-14 14:03:33,343 INFO Apply tps control rule parse start,pointName=[CONFIG_PUSH_FAIL]  

2024-10-14 14:03:33,344 INFO Clear point  control rule ,pointName=[CONFIG_PUSH_FAIL]  

2024-10-14 14:03:33,345 INFO Clear point  control rule for monitorKeys, pointName=[CONFIG_PUSH_FAIL]  

2024-10-14 14:03:33,345 INFO Load rule from local,pointName=CONFIG_PUSH_SUCCESS, ruleContent= 

2024-10-14 14:03:33,346 INFO Apply tps control rule parse start,pointName=[CONFIG_PUSH_SUCCESS]  

2024-10-14 14:03:33,347 INFO Clear point  control rule ,pointName=[CONFIG_PUSH_SUCCESS]  

2024-10-14 14:03:33,347 INFO Clear point  control rule for monitorKeys, pointName=[CONFIG_PUSH_SUCCESS]  

2024-10-14 14:03:33,352 INFO Load rule from local,pointName=CONFIG_PUSH_FAIL, ruleContent= 

2024-10-14 14:03:33,352 INFO Apply tps control rule parse start,pointName=[CONFIG_PUSH_FAIL]  

2024-10-14 14:03:33,352 INFO Clear point  control rule ,pointName=[CONFIG_PUSH_FAIL]  

2024-10-14 14:03:33,352 INFO Clear point  control rule for monitorKeys, pointName=[CONFIG_PUSH_FAIL]  

2024-10-14 14:04:58,094 INFO Register tps control,pointName=CONFIG_PUSH_COUNT, point=com.alibaba.nacos.core.remote.control.TpsMonitorPoint@3028e50e 

2024-10-14 14:04:58,095 INFO Load rule from local,pointName=CONFIG_PUSH_COUNT, ruleContent= 

2024-10-14 14:04:58,095 INFO Apply tps control rule parse start,pointName=[CONFIG_PUSH_COUNT]  

2024-10-14 14:04:58,095 INFO Clear point  control rule ,pointName=[CONFIG_PUSH_COUNT]  

2024-10-14 14:04:58,096 INFO Clear point  control rule for monitorKeys, pointName=[CONFIG_PUSH_COUNT]  

2024-10-14 14:04:58,096 INFO Register tps control,pointName=CONFIG_PUSH_SUCCESS, point=com.alibaba.nacos.core.remote.control.TpsMonitorPoint@5560bcdf 

2024-10-14 14:04:58,096 INFO Load rule from local,pointName=CONFIG_PUSH_SUCCESS, ruleContent= 

2024-10-14 14:04:58,096 INFO Apply tps control rule parse start,pointName=[CONFIG_PUSH_SUCCESS]  

2024-10-14 14:04:58,096 INFO Clear point  control rule ,pointName=[CONFIG_PUSH_SUCCESS]  

2024-10-14 14:04:58,097 INFO Clear point  control rule for monitorKeys, pointName=[CONFIG_PUSH_SUCCESS]  

2024-10-14 14:04:58,097 INFO Register tps control,pointName=CONFIG_PUSH_FAIL, point=com.alibaba.nacos.core.remote.control.TpsMonitorPoint@b558294 

2024-10-14 14:04:58,097 INFO Load rule from local,pointName=CONFIG_PUSH_FAIL, ruleContent= 

2024-10-14 14:04:58,097 INFO Apply tps control rule parse start,pointName=[CONFIG_PUSH_FAIL]  

2024-10-14 14:04:58,097 INFO Clear point  control rule ,pointName=[CONFIG_PUSH_FAIL]  

2024-10-14 14:04:58,097 INFO Clear point  control rule for monitorKeys, pointName=[CONFIG_PUSH_FAIL]  

2024-10-14 14:04:58,098 INFO Load rule from local,pointName=CONFIG_PUSH_COUNT, ruleContent= 

2024-10-14 14:04:58,104 INFO Apply tps control rule parse start,pointName=[CONFIG_PUSH_COUNT]  

2024-10-14 14:04:58,105 INFO Clear point  control rule ,pointName=[CONFIG_PUSH_COUNT]  

2024-10-14 14:04:58,105 INFO Clear point  control rule for monitorKeys, pointName=[CONFIG_PUSH_COUNT]  

2024-10-14 14:04:58,106 INFO Load rule from local,pointName=CONFIG_PUSH_SUCCESS, ruleContent= 

2024-10-14 14:04:58,106 INFO Apply tps control rule parse start,pointName=[CONFIG_PUSH_SUCCESS]  

2024-10-14 14:04:58,107 INFO Clear point  control rule ,pointName=[CONFIG_PUSH_SUCCESS]  

2024-10-14 14:04:58,107 INFO Clear point  control rule for monitorKeys, pointName=[CONFIG_PUSH_SUCCESS]  

2024-10-14 14:04:58,107 INFO Load rule from local,pointName=CONFIG_PUSH_FAIL, ruleContent= 

2024-10-14 14:04:58,107 INFO Apply tps control rule parse start,pointName=[CONFIG_PUSH_FAIL]  

2024-10-14 14:04:58,108 INFO Clear point  control rule ,pointName=[CONFIG_PUSH_FAIL]  

2024-10-14 14:04:58,108 INFO Clear point  control rule for monitorKeys, pointName=[CONFIG_PUSH_FAIL]  

2024-10-14 14:11:41,466 INFO Register tps control,pointName=CONFIG_PUSH_COUNT, point=com.alibaba.nacos.core.remote.control.TpsMonitorPoint@5f14a673 

2024-10-14 14:11:41,469 INFO Load rule from local,pointName=CONFIG_PUSH_COUNT, ruleContent= 

2024-10-14 14:11:41,470 INFO Apply tps control rule parse start,pointName=[CONFIG_PUSH_COUNT]  

2024-10-14 14:11:41,470 INFO Clear point  control rule ,pointName=[CONFIG_PUSH_COUNT]  

2024-10-14 14:11:41,470 INFO Clear point  control rule for monitorKeys, pointName=[CONFIG_PUSH_COUNT]  

2024-10-14 14:11:41,470 INFO Register tps control,pointName=CONFIG_PUSH_SUCCESS, point=com.alibaba.nacos.core.remote.control.TpsMonitorPoint@726a17c4 

2024-10-14 14:11:41,471 INFO Load rule from local,pointName=CONFIG_PUSH_SUCCESS, ruleContent= 

2024-10-14 14:11:41,471 INFO Apply tps control rule parse start,pointName=[CONFIG_PUSH_SUCCESS]  

2024-10-14 14:11:41,471 INFO Clear point  control rule ,pointName=[CONFIG_PUSH_SUCCESS]  

2024-10-14 14:11:41,472 INFO Clear point  control rule for monitorKeys, pointName=[CONFIG_PUSH_SUCCESS]  

2024-10-14 14:11:41,472 INFO Register tps control,pointName=CONFIG_PUSH_FAIL, point=com.alibaba.nacos.core.remote.control.TpsMonitorPoint@5dc3fcb7 

2024-10-14 14:11:41,472 INFO Load rule from local,pointName=CONFIG_PUSH_FAIL, ruleContent= 

2024-10-14 14:11:41,472 INFO Apply tps control rule parse start,pointName=[CONFIG_PUSH_FAIL]  

2024-10-14 14:11:41,472 INFO Clear point  control rule ,pointName=[CONFIG_PUSH_FAIL]  

2024-10-14 14:11:41,473 INFO Clear point  control rule for monitorKeys, pointName=[CONFIG_PUSH_FAIL]  

2024-10-14 14:11:41,477 INFO Load rule from local,pointName=CONFIG_PUSH_COUNT, ruleContent= 

2024-10-14 14:11:41,483 INFO Apply tps control rule parse start,pointName=[CONFIG_PUSH_COUNT]  

2024-10-14 14:11:41,484 INFO Clear point  control rule ,pointName=[CONFIG_PUSH_COUNT]  

2024-10-14 14:11:41,485 INFO Clear point  control rule for monitorKeys, pointName=[CONFIG_PUSH_COUNT]  

2024-10-14 14:11:41,485 INFO Load rule from local,pointName=CONFIG_PUSH_SUCCESS, ruleContent= 

2024-10-14 14:11:41,486 INFO Apply tps control rule parse start,pointName=[CONFIG_PUSH_SUCCESS]  

2024-10-14 14:11:41,486 INFO Clear point  control rule ,pointName=[CONFIG_PUSH_SUCCESS]  

2024-10-14 14:11:41,486 INFO Clear point  control rule for monitorKeys, pointName=[CONFIG_PUSH_SUCCESS]  

2024-10-14 14:11:41,486 INFO Load rule from local,pointName=CONFIG_PUSH_FAIL, ruleContent= 

2024-10-14 14:11:41,486 INFO Apply tps control rule parse start,pointName=[CONFIG_PUSH_FAIL]  

2024-10-14 14:11:41,486 INFO Clear point  control rule ,pointName=[CONFIG_PUSH_FAIL]  

2024-10-14 14:11:41,487 INFO Clear point  control rule for monitorKeys, pointName=[CONFIG_PUSH_FAIL]  

2024-10-14 14:15:16,458 INFO Register tps control,pointName=CONFIG_PUSH_COUNT, point=com.alibaba.nacos.core.remote.control.TpsMonitorPoint@3028e50e 

2024-10-14 14:15:16,459 INFO Load rule from local,pointName=CONFIG_PUSH_COUNT, ruleContent= 

2024-10-14 14:15:16,459 INFO Apply tps control rule parse start,pointName=[CONFIG_PUSH_COUNT]  

2024-10-14 14:15:16,459 INFO Clear point  control rule ,pointName=[CONFIG_PUSH_COUNT]  

2024-10-14 14:15:16,460 INFO Clear point  control rule for monitorKeys, pointName=[CONFIG_PUSH_COUNT]  

2024-10-14 14:15:16,460 INFO Register tps control,pointName=CONFIG_PUSH_SUCCESS, point=com.alibaba.nacos.core.remote.control.TpsMonitorPoint@5560bcdf 

2024-10-14 14:15:16,460 INFO Load rule from local,pointName=CONFIG_PUSH_SUCCESS, ruleContent= 

2024-10-14 14:15:16,461 INFO Apply tps control rule parse start,pointName=[CONFIG_PUSH_SUCCESS]  

2024-10-14 14:15:16,461 INFO Clear point  control rule ,pointName=[CONFIG_PUSH_SUCCESS]  

2024-10-14 14:15:16,461 INFO Clear point  control rule for monitorKeys, pointName=[CONFIG_PUSH_SUCCESS]  

2024-10-14 14:15:16,461 INFO Register tps control,pointName=CONFIG_PUSH_FAIL, point=com.alibaba.nacos.core.remote.control.TpsMonitorPoint@b558294 

2024-10-14 14:15:16,461 INFO Load rule from local,pointName=CONFIG_PUSH_FAIL, ruleContent= 

2024-10-14 14:15:16,461 INFO Apply tps control rule parse start,pointName=[CONFIG_PUSH_FAIL]  

2024-10-14 14:15:16,461 INFO Clear point  control rule ,pointName=[CONFIG_PUSH_FAIL]  

2024-10-14 14:15:16,461 INFO Clear point  control rule for monitorKeys, pointName=[CONFIG_PUSH_FAIL]  

2024-10-14 14:15:16,465 INFO Load rule from local,pointName=CONFIG_PUSH_COUNT, ruleContent= 

2024-10-14 14:15:16,470 INFO Apply tps control rule parse start,pointName=[CONFIG_PUSH_COUNT]  

2024-10-14 14:15:16,471 INFO Clear point  control rule ,pointName=[CONFIG_PUSH_COUNT]  

2024-10-14 14:15:16,471 INFO Clear point  control rule for monitorKeys, pointName=[CONFIG_PUSH_COUNT]  

2024-10-14 14:15:16,472 INFO Load rule from local,pointName=CONFIG_PUSH_SUCCESS, ruleContent= 

2024-10-14 14:15:16,472 INFO Apply tps control rule parse start,pointName=[CONFIG_PUSH_SUCCESS]  

2024-10-14 14:15:16,473 INFO Clear point  control rule ,pointName=[CONFIG_PUSH_SUCCESS]  

2024-10-14 14:15:16,473 INFO Clear point  control rule for monitorKeys, pointName=[CONFIG_PUSH_SUCCESS]  

2024-10-14 14:15:16,473 INFO Load rule from local,pointName=CONFIG_PUSH_FAIL, ruleContent= 

2024-10-14 14:15:16,473 INFO Apply tps control rule parse start,pointName=[CONFIG_PUSH_FAIL]  

2024-10-14 14:15:16,474 INFO Clear point  control rule ,pointName=[CONFIG_PUSH_FAIL]  

2024-10-14 14:15:16,474 INFO Clear point  control rule for monitorKeys, pointName=[CONFIG_PUSH_FAIL]  

2024-10-14 14:16:39,969 INFO Register tps control,pointName=CONFIG_PUSH_COUNT, point=com.alibaba.nacos.core.remote.control.TpsMonitorPoint@997d532 

2024-10-14 14:16:39,970 INFO Load rule from local,pointName=CONFIG_PUSH_COUNT, ruleContent= 

2024-10-14 14:16:39,970 INFO Apply tps control rule parse start,pointName=[CONFIG_PUSH_COUNT]  

2024-10-14 14:16:39,970 INFO Clear point  control rule ,pointName=[CONFIG_PUSH_COUNT]  

2024-10-14 14:16:39,971 INFO Clear point  control rule for monitorKeys, pointName=[CONFIG_PUSH_COUNT]  

2024-10-14 14:16:39,971 INFO Register tps control,pointName=CONFIG_PUSH_SUCCESS, point=com.alibaba.nacos.core.remote.control.TpsMonitorPoint@273842a6 

2024-10-14 14:16:39,972 INFO Load rule from local,pointName=CONFIG_PUSH_SUCCESS, ruleContent= 

2024-10-14 14:16:39,972 INFO Apply tps control rule parse start,pointName=[CONFIG_PUSH_SUCCESS]  

2024-10-14 14:16:39,972 INFO Clear point  control rule ,pointName=[CONFIG_PUSH_SUCCESS]  

2024-10-14 14:16:39,972 INFO Clear point  control rule for monitorKeys, pointName=[CONFIG_PUSH_SUCCESS]  

2024-10-14 14:16:39,972 INFO Register tps control,pointName=CONFIG_PUSH_FAIL, point=com.alibaba.nacos.core.remote.control.TpsMonitorPoint@6a969fb8 

2024-10-14 14:16:39,973 INFO Load rule from local,pointName=CONFIG_PUSH_FAIL, ruleContent= 

2024-10-14 14:16:39,973 INFO Apply tps control rule parse start,pointName=[CONFIG_PUSH_FAIL]  

2024-10-14 14:16:39,973 INFO Clear point  control rule ,pointName=[CONFIG_PUSH_FAIL]  

2024-10-14 14:16:39,973 INFO Clear point  control rule for monitorKeys, pointName=[CONFIG_PUSH_FAIL]  

2024-10-14 14:16:39,975 INFO Load rule from local,pointName=CONFIG_PUSH_COUNT, ruleContent= 

2024-10-14 14:16:39,976 INFO Apply tps control rule parse start,pointName=[CONFIG_PUSH_COUNT]  

2024-10-14 14:16:39,976 INFO Clear point  control rule ,pointName=[CONFIG_PUSH_COUNT]  

2024-10-14 14:16:39,976 INFO Clear point  control rule for monitorKeys, pointName=[CONFIG_PUSH_COUNT]  

2024-10-14 14:16:39,977 INFO Load rule from local,pointName=CONFIG_PUSH_SUCCESS, ruleContent= 

2024-10-14 14:16:39,977 INFO Apply tps control rule parse start,pointName=[CONFIG_PUSH_SUCCESS]  

2024-10-14 14:16:39,977 INFO Clear point  control rule ,pointName=[CONFIG_PUSH_SUCCESS]  

2024-10-14 14:16:39,977 INFO Clear point  control rule for monitorKeys, pointName=[CONFIG_PUSH_SUCCESS]  

2024-10-14 14:16:39,977 INFO Load rule from local,pointName=CONFIG_PUSH_FAIL, ruleContent= 

2024-10-14 14:16:39,977 INFO Apply tps control rule parse start,pointName=[CONFIG_PUSH_FAIL]  

2024-10-14 14:16:39,977 INFO Clear point  control rule ,pointName=[CONFIG_PUSH_FAIL]  

2024-10-14 14:16:39,977 INFO Clear point  control rule for monitorKeys, pointName=[CONFIG_PUSH_FAIL]  

2024-10-14 14:23:13,896 INFO Register tps control,pointName=CONFIG_PUSH_COUNT, point=com.alibaba.nacos.core.remote.control.TpsMonitorPoint@3bcd426c 

2024-10-14 14:23:13,897 INFO Load rule from local,pointName=CONFIG_PUSH_COUNT, ruleContent= 

2024-10-14 14:23:13,897 INFO Apply tps control rule parse start,pointName=[CONFIG_PUSH_COUNT]  

2024-10-14 14:23:13,898 INFO Clear point  control rule ,pointName=[CONFIG_PUSH_COUNT]  

2024-10-14 14:23:13,899 INFO Clear point  control rule for monitorKeys, pointName=[CONFIG_PUSH_COUNT]  

2024-10-14 14:23:13,900 INFO Register tps control,pointName=CONFIG_PUSH_SUCCESS, point=com.alibaba.nacos.core.remote.control.TpsMonitorPoint@5f14a673 

2024-10-14 14:23:13,900 INFO Load rule from local,pointName=CONFIG_PUSH_SUCCESS, ruleContent= 

2024-10-14 14:23:13,900 INFO Apply tps control rule parse start,pointName=[CONFIG_PUSH_SUCCESS]  

2024-10-14 14:23:13,900 INFO Clear point  control rule ,pointName=[CONFIG_PUSH_SUCCESS]  

2024-10-14 14:23:13,901 INFO Clear point  control rule for monitorKeys, pointName=[CONFIG_PUSH_SUCCESS]  

2024-10-14 14:23:13,901 INFO Register tps control,pointName=CONFIG_PUSH_FAIL, point=com.alibaba.nacos.core.remote.control.TpsMonitorPoint@726a17c4 

2024-10-14 14:23:13,901 INFO Load rule from local,pointName=CONFIG_PUSH_FAIL, ruleContent= 

2024-10-14 14:23:13,901 INFO Apply tps control rule parse start,pointName=[CONFIG_PUSH_FAIL]  

2024-10-14 14:23:13,901 INFO Clear point  control rule ,pointName=[CONFIG_PUSH_FAIL]  

2024-10-14 14:23:13,901 INFO Clear point  control rule for monitorKeys, pointName=[CONFIG_PUSH_FAIL]  

2024-10-14 14:23:13,903 INFO Load rule from local,pointName=CONFIG_PUSH_COUNT, ruleContent= 

2024-10-14 14:23:13,913 INFO Apply tps control rule parse start,pointName=[CONFIG_PUSH_COUNT]  

2024-10-14 14:23:13,918 INFO Clear point  control rule ,pointName=[CONFIG_PUSH_COUNT]  

2024-10-14 14:23:13,919 INFO Clear point  control rule for monitorKeys, pointName=[CONFIG_PUSH_COUNT]  

2024-10-14 14:23:13,921 INFO Load rule from local,pointName=CONFIG_PUSH_SUCCESS, ruleContent= 

2024-10-14 14:23:13,922 INFO Apply tps control rule parse start,pointName=[CONFIG_PUSH_SUCCESS]  

2024-10-14 14:23:13,922 INFO Clear point  control rule ,pointName=[CONFIG_PUSH_SUCCESS]  

2024-10-14 14:23:13,922 INFO Clear point  control rule for monitorKeys, pointName=[CONFIG_PUSH_SUCCESS]  

2024-10-14 14:23:13,923 INFO Load rule from local,pointName=CONFIG_PUSH_FAIL, ruleContent= 

2024-10-14 14:23:13,924 INFO Apply tps control rule parse start,pointName=[CONFIG_PUSH_FAIL]  

2024-10-14 14:23:13,924 INFO Clear point  control rule ,pointName=[CONFIG_PUSH_FAIL]  

2024-10-14 14:23:13,925 INFO Clear point  control rule for monitorKeys, pointName=[CONFIG_PUSH_FAIL]  

2024-10-14 14:28:43,044 INFO Register tps control,pointName=CONFIG_PUSH_COUNT, point=com.alibaba.nacos.core.remote.control.TpsMonitorPoint@4c9e38 

2024-10-14 14:28:43,044 INFO Load rule from local,pointName=CONFIG_PUSH_COUNT, ruleContent= 

2024-10-14 14:28:43,044 INFO Apply tps control rule parse start,pointName=[CONFIG_PUSH_COUNT]  

2024-10-14 14:28:43,045 INFO Clear point  control rule ,pointName=[CONFIG_PUSH_COUNT]  

2024-10-14 14:28:43,045 INFO Clear point  control rule for monitorKeys, pointName=[CONFIG_PUSH_COUNT]  

2024-10-14 14:28:43,046 INFO Register tps control,pointName=CONFIG_PUSH_SUCCESS, point=com.alibaba.nacos.core.remote.control.TpsMonitorPoint@5d1e09bc 

2024-10-14 14:28:43,046 INFO Load rule from local,pointName=CONFIG_PUSH_SUCCESS, ruleContent= 

2024-10-14 14:28:43,046 INFO Apply tps control rule parse start,pointName=[CONFIG_PUSH_SUCCESS]  

2024-10-14 14:28:43,046 INFO Clear point  control rule ,pointName=[CONFIG_PUSH_SUCCESS]  

2024-10-14 14:28:43,046 INFO Clear point  control rule for monitorKeys, pointName=[CONFIG_PUSH_SUCCESS]  

2024-10-14 14:28:43,047 INFO Register tps control,pointName=CONFIG_PUSH_FAIL, point=com.alibaba.nacos.core.remote.control.TpsMonitorPoint@4bdc8b5d 

2024-10-14 14:28:43,047 INFO Load rule from local,pointName=CONFIG_PUSH_FAIL, ruleContent= 

2024-10-14 14:28:43,047 INFO Apply tps control rule parse start,pointName=[CONFIG_PUSH_FAIL]  

2024-10-14 14:28:43,047 INFO Clear point  control rule ,pointName=[CONFIG_PUSH_FAIL]  

2024-10-14 14:28:43,047 INFO Clear point  control rule for monitorKeys, pointName=[CONFIG_PUSH_FAIL]  

2024-10-14 14:28:43,049 INFO Load rule from local,pointName=CONFIG_PUSH_COUNT, ruleContent= 

2024-10-14 14:28:43,052 INFO Apply tps control rule parse start,pointName=[CONFIG_PUSH_COUNT]  

2024-10-14 14:28:43,052 INFO Clear point  control rule ,pointName=[CONFIG_PUSH_COUNT]  

2024-10-14 14:28:43,052 INFO Clear point  control rule for monitorKeys, pointName=[CONFIG_PUSH_COUNT]  

2024-10-14 14:28:43,052 INFO Load rule from local,pointName=CONFIG_PUSH_SUCCESS, ruleContent= 

2024-10-14 14:28:43,052 INFO Apply tps control rule parse start,pointName=[CONFIG_PUSH_SUCCESS]  

2024-10-14 14:28:43,052 INFO Clear point  control rule ,pointName=[CONFIG_PUSH_SUCCESS]  

2024-10-14 14:28:43,052 INFO Clear point  control rule for monitorKeys, pointName=[CONFIG_PUSH_SUCCESS]  

2024-10-14 14:28:43,053 INFO Load rule from local,pointName=CONFIG_PUSH_FAIL, ruleContent= 

2024-10-14 14:28:43,053 INFO Apply tps control rule parse start,pointName=[CONFIG_PUSH_FAIL]  

2024-10-14 14:28:43,053 INFO Clear point  control rule ,pointName=[CONFIG_PUSH_FAIL]  

2024-10-14 14:28:43,053 INFO Clear point  control rule for monitorKeys, pointName=[CONFIG_PUSH_FAIL]  

2024-10-14 14:29:42,445 INFO Register tps control,pointName=CONFIG_PUSH_COUNT, point=com.alibaba.nacos.core.remote.control.TpsMonitorPoint@1cbb3d3b 

2024-10-14 14:29:42,445 INFO Load rule from local,pointName=CONFIG_PUSH_COUNT, ruleContent= 

2024-10-14 14:29:42,446 INFO Apply tps control rule parse start,pointName=[CONFIG_PUSH_COUNT]  

2024-10-14 14:29:42,446 INFO Clear point  control rule ,pointName=[CONFIG_PUSH_COUNT]  

2024-10-14 14:29:42,446 INFO Clear point  control rule for monitorKeys, pointName=[CONFIG_PUSH_COUNT]  

2024-10-14 14:29:42,446 INFO Register tps control,pointName=CONFIG_PUSH_SUCCESS, point=com.alibaba.nacos.core.remote.control.TpsMonitorPoint@529cfee5 

2024-10-14 14:29:42,447 INFO Load rule from local,pointName=CONFIG_PUSH_SUCCESS, ruleContent= 

2024-10-14 14:29:42,447 INFO Apply tps control rule parse start,pointName=[CONFIG_PUSH_SUCCESS]  

2024-10-14 14:29:42,447 INFO Clear point  control rule ,pointName=[CONFIG_PUSH_SUCCESS]  

2024-10-14 14:29:42,447 INFO Clear point  control rule for monitorKeys, pointName=[CONFIG_PUSH_SUCCESS]  

2024-10-14 14:29:42,447 INFO Register tps control,pointName=CONFIG_PUSH_FAIL, point=com.alibaba.nacos.core.remote.control.TpsMonitorPoint@7ca0863b 

2024-10-14 14:29:42,448 INFO Load rule from local,pointName=CONFIG_PUSH_FAIL, ruleContent= 

2024-10-14 14:29:42,448 INFO Apply tps control rule parse start,pointName=[CONFIG_PUSH_FAIL]  

2024-10-14 14:29:42,448 INFO Clear point  control rule ,pointName=[CONFIG_PUSH_FAIL]  

2024-10-14 14:29:42,448 INFO Clear point  control rule for monitorKeys, pointName=[CONFIG_PUSH_FAIL]  

2024-10-14 14:29:42,449 INFO Load rule from local,pointName=CONFIG_PUSH_COUNT, ruleContent= 

2024-10-14 14:29:42,452 INFO Apply tps control rule parse start,pointName=[CONFIG_PUSH_COUNT]  

2024-10-14 14:29:42,452 INFO Clear point  control rule ,pointName=[CONFIG_PUSH_COUNT]  

2024-10-14 14:29:42,452 INFO Clear point  control rule for monitorKeys, pointName=[CONFIG_PUSH_COUNT]  

2024-10-14 14:29:42,452 INFO Load rule from local,pointName=CONFIG_PUSH_SUCCESS, ruleContent= 

2024-10-14 14:29:42,452 INFO Apply tps control rule parse start,pointName=[CONFIG_PUSH_SUCCESS]  

2024-10-14 14:29:42,453 INFO Clear point  control rule ,pointName=[CONFIG_PUSH_SUCCESS]  

2024-10-14 14:29:42,453 INFO Clear point  control rule for monitorKeys, pointName=[CONFIG_PUSH_SUCCESS]  

2024-10-14 14:29:42,453 INFO Load rule from local,pointName=CONFIG_PUSH_FAIL, ruleContent= 

2024-10-14 14:29:42,453 INFO Apply tps control rule parse start,pointName=[CONFIG_PUSH_FAIL]  

2024-10-14 14:29:42,453 INFO Clear point  control rule ,pointName=[CONFIG_PUSH_FAIL]  

2024-10-14 14:29:42,457 INFO Clear point  control rule for monitorKeys, pointName=[CONFIG_PUSH_FAIL]  

2024-10-14 14:29:53,902 INFO Register tps control,pointName=ConfigQuery, point=com.alibaba.nacos.core.remote.control.TpsMonitorPoint@37303f12 

2024-10-14 14:29:53,907 INFO Load rule from local,pointName=ConfigQuery, ruleContent= 

2024-10-14 14:29:53,907 INFO Apply tps control rule parse start,pointName=[ConfigQuery]  

2024-10-14 14:29:53,907 INFO Clear point  control rule ,pointName=[ConfigQuery]  

2024-10-14 14:29:53,908 INFO Clear point  control rule for monitorKeys, pointName=[ConfigQuery]  

2024-10-14 14:29:53,908 INFO Register tps control,pointName=ClusterConfigChangeNotify, point=com.alibaba.nacos.core.remote.control.TpsMonitorPoint@31ff6309 

2024-10-14 14:29:53,909 INFO Load rule from local,pointName=ClusterConfigChangeNotify, ruleContent= 

2024-10-14 14:29:53,909 INFO Apply tps control rule parse start,pointName=[ClusterConfigChangeNotify]  

2024-10-14 14:29:53,909 INFO Clear point  control rule ,pointName=[ClusterConfigChangeNotify]  

2024-10-14 14:29:53,909 INFO Clear point  control rule for monitorKeys, pointName=[ClusterConfigChangeNotify]  

2024-10-14 14:29:53,909 INFO Register tps control,pointName=ConfigListen, point=com.alibaba.nacos.core.remote.control.TpsMonitorPoint@204e90f7 

2024-10-14 14:29:53,909 INFO Load rule from local,pointName=ConfigListen, ruleContent= 

2024-10-14 14:29:53,909 INFO Apply tps control rule parse start,pointName=[ConfigListen]  

2024-10-14 14:29:53,910 INFO Clear point  control rule ,pointName=[ConfigListen]  

2024-10-14 14:29:53,910 INFO Clear point  control rule for monitorKeys, pointName=[ConfigListen]  

2024-10-14 14:29:53,910 INFO Register tps control,pointName=ConfigRemove, point=com.alibaba.nacos.core.remote.control.TpsMonitorPoint@20a05b32 

2024-10-14 14:29:53,910 INFO Load rule from local,pointName=ConfigRemove, ruleContent= 

2024-10-14 14:29:53,910 INFO Apply tps control rule parse start,pointName=[ConfigRemove]  

2024-10-14 14:29:53,910 INFO Clear point  control rule ,pointName=[ConfigRemove]  

2024-10-14 14:29:53,910 INFO Clear point  control rule for monitorKeys, pointName=[ConfigRemove]  

2024-10-14 14:29:53,910 INFO Register tps control,pointName=ConfigPublish, point=com.alibaba.nacos.core.remote.control.TpsMonitorPoint@165e389b 

2024-10-14 14:29:53,911 INFO Load rule from local,pointName=ConfigPublish, ruleContent= 

2024-10-14 14:29:53,911 INFO Apply tps control rule parse start,pointName=[ConfigPublish]  

2024-10-14 14:29:53,911 INFO Clear point  control rule ,pointName=[ConfigPublish]  

2024-10-14 14:29:53,911 INFO Clear point  control rule for monitorKeys, pointName=[ConfigPublish]  

2024-10-14 14:29:53,911 INFO Register tps control,pointName=HealthCheck, point=com.alibaba.nacos.core.remote.control.TpsMonitorPoint@5c73f672 

2024-10-14 14:29:53,911 INFO Load rule from local,pointName=HealthCheck, ruleContent= 

2024-10-14 14:29:53,911 INFO Apply tps control rule parse start,pointName=[HealthCheck]  

2024-10-14 14:29:53,911 INFO Clear point  control rule ,pointName=[HealthCheck]  

2024-10-14 14:29:53,911 INFO Clear point  control rule for monitorKeys, pointName=[HealthCheck]  

2024-10-14 14:33:22,949 INFO Register tps control,pointName=CONFIG_PUSH_COUNT, point=com.alibaba.nacos.core.remote.control.TpsMonitorPoint@773c0293 

2024-10-14 14:33:22,952 INFO Load rule from local,pointName=CONFIG_PUSH_COUNT, ruleContent= 

2024-10-14 14:33:22,952 INFO Apply tps control rule parse start,pointName=[CONFIG_PUSH_COUNT]  

2024-10-14 14:33:22,952 INFO Clear point  control rule ,pointName=[CONFIG_PUSH_COUNT]  

2024-10-14 14:33:22,952 INFO Clear point  control rule for monitorKeys, pointName=[CONFIG_PUSH_COUNT]  

2024-10-14 14:33:22,953 INFO Register tps control,pointName=CONFIG_PUSH_SUCCESS, point=com.alibaba.nacos.core.remote.control.TpsMonitorPoint@55b8dbda 

2024-10-14 14:33:22,953 INFO Load rule from local,pointName=CONFIG_PUSH_SUCCESS, ruleContent= 

2024-10-14 14:33:22,953 INFO Apply tps control rule parse start,pointName=[CONFIG_PUSH_SUCCESS]  

2024-10-14 14:33:22,953 INFO Clear point  control rule ,pointName=[CONFIG_PUSH_SUCCESS]  

2024-10-14 14:33:22,953 INFO Clear point  control rule for monitorKeys, pointName=[CONFIG_PUSH_SUCCESS]  

2024-10-14 14:33:22,953 INFO Register tps control,pointName=CONFIG_PUSH_FAIL, point=com.alibaba.nacos.core.remote.control.TpsMonitorPoint@3b569985 

2024-10-14 14:33:22,953 INFO Load rule from local,pointName=CONFIG_PUSH_FAIL, ruleContent= 

2024-10-14 14:33:22,953 INFO Apply tps control rule parse start,pointName=[CONFIG_PUSH_FAIL]  

2024-10-14 14:33:22,954 INFO Clear point  control rule ,pointName=[CONFIG_PUSH_FAIL]  

2024-10-14 14:33:22,954 INFO Clear point  control rule for monitorKeys, pointName=[CONFIG_PUSH_FAIL]  

2024-10-14 14:33:22,956 INFO Load rule from local,pointName=CONFIG_PUSH_COUNT, ruleContent= 

2024-10-14 14:33:22,958 INFO Apply tps control rule parse start,pointName=[CONFIG_PUSH_COUNT]  

2024-10-14 14:33:22,958 INFO Clear point  control rule ,pointName=[CONFIG_PUSH_COUNT]  

2024-10-14 14:33:22,958 INFO Clear point  control rule for monitorKeys, pointName=[CONFIG_PUSH_COUNT]  

2024-10-14 14:33:22,958 INFO Load rule from local,pointName=CONFIG_PUSH_SUCCESS, ruleContent= 

2024-10-14 14:33:22,958 INFO Apply tps control rule parse start,pointName=[CONFIG_PUSH_SUCCESS]  

2024-10-14 14:33:22,958 INFO Clear point  control rule ,pointName=[CONFIG_PUSH_SUCCESS]  

2024-10-14 14:33:22,959 INFO Clear point  control rule for monitorKeys, pointName=[CONFIG_PUSH_SUCCESS]  

2024-10-14 14:33:22,959 INFO Load rule from local,pointName=CONFIG_PUSH_FAIL, ruleContent= 

2024-10-14 14:33:22,959 INFO Apply tps control rule parse start,pointName=[CONFIG_PUSH_FAIL]  

2024-10-14 14:33:22,959 INFO Clear point  control rule ,pointName=[CONFIG_PUSH_FAIL]  

2024-10-14 14:33:22,959 INFO Clear point  control rule for monitorKeys, pointName=[CONFIG_PUSH_FAIL]  

2024-10-14 14:33:33,916 INFO Register tps control,pointName=ConfigQuery, point=com.alibaba.nacos.core.remote.control.TpsMonitorPoint@3f985a86 

2024-10-14 14:33:33,919 INFO Load rule from local,pointName=ConfigQuery, ruleContent= 

2024-10-14 14:33:33,920 INFO Apply tps control rule parse start,pointName=[ConfigQuery]  

2024-10-14 14:33:33,920 INFO Clear point  control rule ,pointName=[ConfigQuery]  

2024-10-14 14:33:33,920 INFO Clear point  control rule for monitorKeys, pointName=[ConfigQuery]  

2024-10-14 14:33:33,920 INFO Register tps control,pointName=ClusterConfigChangeNotify, point=com.alibaba.nacos.core.remote.control.TpsMonitorPoint@57a2ed35 

2024-10-14 14:33:33,921 INFO Load rule from local,pointName=ClusterConfigChangeNotify, ruleContent= 

2024-10-14 14:33:33,921 INFO Apply tps control rule parse start,pointName=[ClusterConfigChangeNotify]  

2024-10-14 14:33:33,921 INFO Clear point  control rule ,pointName=[ClusterConfigChangeNotify]  

2024-10-14 14:33:33,921 INFO Clear point  control rule for monitorKeys, pointName=[ClusterConfigChangeNotify]  

2024-10-14 14:33:33,921 INFO Register tps control,pointName=ConfigListen, point=com.alibaba.nacos.core.remote.control.TpsMonitorPoint@12ffd1de 

2024-10-14 14:33:33,922 INFO Load rule from local,pointName=ConfigListen, ruleContent= 

2024-10-14 14:33:33,922 INFO Apply tps control rule parse start,pointName=[ConfigListen]  

2024-10-14 14:33:33,922 INFO Clear point  control rule ,pointName=[ConfigListen]  

2024-10-14 14:33:33,922 INFO Clear point  control rule for monitorKeys, pointName=[ConfigListen]  

2024-10-14 14:33:33,922 INFO Register tps control,pointName=ConfigRemove, point=com.alibaba.nacos.core.remote.control.TpsMonitorPoint@3d278b4d 

2024-10-14 14:33:33,922 INFO Load rule from local,pointName=ConfigRemove, ruleContent= 

2024-10-14 14:33:33,922 INFO Apply tps control rule parse start,pointName=[ConfigRemove]  

2024-10-14 14:33:33,923 INFO Clear point  control rule ,pointName=[ConfigRemove]  

2024-10-14 14:33:33,923 INFO Clear point  control rule for monitorKeys, pointName=[ConfigRemove]  

2024-10-14 14:33:33,923 INFO Register tps control,pointName=ConfigPublish, point=com.alibaba.nacos.core.remote.control.TpsMonitorPoint@4096aa05 

2024-10-14 14:33:33,923 INFO Load rule from local,pointName=ConfigPublish, ruleContent= 

2024-10-14 14:33:33,923 INFO Apply tps control rule parse start,pointName=[ConfigPublish]  

2024-10-14 14:33:33,923 INFO Clear point  control rule ,pointName=[ConfigPublish]  

2024-10-14 14:33:33,923 INFO Clear point  control rule for monitorKeys, pointName=[ConfigPublish]  

2024-10-14 14:33:33,923 INFO Register tps control,pointName=HealthCheck, point=com.alibaba.nacos.core.remote.control.TpsMonitorPoint@9d3c67 

2024-10-14 14:33:33,923 INFO Load rule from local,pointName=HealthCheck, ruleContent= 

2024-10-14 14:33:33,924 INFO Apply tps control rule parse start,pointName=[HealthCheck]  

2024-10-14 14:33:33,924 INFO Clear point  control rule ,pointName=[HealthCheck]  

2024-10-14 14:33:33,924 INFO Clear point  control rule for monitorKeys, pointName=[HealthCheck]  

2024-10-14 14:34:21,246 INFO Register tps control,pointName=CONFIG_PUSH_COUNT, point=com.alibaba.nacos.core.remote.control.TpsMonitorPoint@1a5f7e7c 

2024-10-14 14:34:21,247 INFO Load rule from local,pointName=CONFIG_PUSH_COUNT, ruleContent= 

2024-10-14 14:34:21,248 INFO Apply tps control rule parse start,pointName=[CONFIG_PUSH_COUNT]  

2024-10-14 14:34:21,248 INFO Clear point  control rule ,pointName=[CONFIG_PUSH_COUNT]  

2024-10-14 14:34:21,248 INFO Clear point  control rule for monitorKeys, pointName=[CONFIG_PUSH_COUNT]  

2024-10-14 14:34:21,248 INFO Register tps control,pointName=CONFIG_PUSH_SUCCESS, point=com.alibaba.nacos.core.remote.control.TpsMonitorPoint@5b22b970 

2024-10-14 14:34:21,248 INFO Load rule from local,pointName=CONFIG_PUSH_SUCCESS, ruleContent= 

2024-10-14 14:34:21,248 INFO Apply tps control rule parse start,pointName=[CONFIG_PUSH_SUCCESS]  

2024-10-14 14:34:21,249 INFO Clear point  control rule ,pointName=[CONFIG_PUSH_SUCCESS]  

2024-10-14 14:34:21,249 INFO Clear point  control rule for monitorKeys, pointName=[CONFIG_PUSH_SUCCESS]  

2024-10-14 14:34:21,249 INFO Register tps control,pointName=CONFIG_PUSH_FAIL, point=com.alibaba.nacos.core.remote.control.TpsMonitorPoint@22d1886d 

2024-10-14 14:34:21,249 INFO Load rule from local,pointName=CONFIG_PUSH_FAIL, ruleContent= 

2024-10-14 14:34:21,249 INFO Apply tps control rule parse start,pointName=[CONFIG_PUSH_FAIL]  

2024-10-14 14:34:21,249 INFO Clear point  control rule ,pointName=[CONFIG_PUSH_FAIL]  

2024-10-14 14:34:21,249 INFO Clear point  control rule for monitorKeys, pointName=[CONFIG_PUSH_FAIL]  

2024-10-14 14:34:21,251 INFO Load rule from local,pointName=CONFIG_PUSH_COUNT, ruleContent= 

2024-10-14 14:34:21,253 INFO Apply tps control rule parse start,pointName=[CONFIG_PUSH_COUNT]  

2024-10-14 14:34:21,253 INFO Clear point  control rule ,pointName=[CONFIG_PUSH_COUNT]  

2024-10-14 14:34:21,253 INFO Clear point  control rule for monitorKeys, pointName=[CONFIG_PUSH_COUNT]  

2024-10-14 14:34:21,254 INFO Load rule from local,pointName=CONFIG_PUSH_SUCCESS, ruleContent= 

2024-10-14 14:34:21,254 INFO Apply tps control rule parse start,pointName=[CONFIG_PUSH_SUCCESS]  

2024-10-14 14:34:21,254 INFO Clear point  control rule ,pointName=[CONFIG_PUSH_SUCCESS]  

2024-10-14 14:34:21,254 INFO Clear point  control rule for monitorKeys, pointName=[CONFIG_PUSH_SUCCESS]  

2024-10-14 14:34:21,254 INFO Load rule from local,pointName=CONFIG_PUSH_FAIL, ruleContent= 

2024-10-14 14:34:21,255 INFO Apply tps control rule parse start,pointName=[CONFIG_PUSH_FAIL]  

2024-10-14 14:34:21,258 INFO Clear point  control rule ,pointName=[CONFIG_PUSH_FAIL]  

2024-10-14 14:34:21,258 INFO Clear point  control rule for monitorKeys, pointName=[CONFIG_PUSH_FAIL]  

2024-10-14 14:34:34,954 INFO Register tps control,pointName=ConfigQuery, point=com.alibaba.nacos.core.remote.control.TpsMonitorPoint@4088741b 

2024-10-14 14:34:34,959 INFO Load rule from local,pointName=ConfigQuery, ruleContent= 

2024-10-14 14:34:34,960 INFO Apply tps control rule parse start,pointName=[ConfigQuery]  

2024-10-14 14:34:34,960 INFO Clear point  control rule ,pointName=[ConfigQuery]  

2024-10-14 14:34:34,960 INFO Clear point  control rule for monitorKeys, pointName=[ConfigQuery]  

2024-10-14 14:34:34,961 INFO Register tps control,pointName=ClusterConfigChangeNotify, point=com.alibaba.nacos.core.remote.control.TpsMonitorPoint@16a49a5d 

2024-10-14 14:34:34,961 INFO Load rule from local,pointName=ClusterConfigChangeNotify, ruleContent= 

2024-10-14 14:34:34,961 INFO Apply tps control rule parse start,pointName=[ClusterConfigChangeNotify]  

2024-10-14 14:34:34,961 INFO Clear point  control rule ,pointName=[ClusterConfigChangeNotify]  

2024-10-14 14:34:34,961 INFO Clear point  control rule for monitorKeys, pointName=[ClusterConfigChangeNotify]  

2024-10-14 14:34:34,961 INFO Register tps control,pointName=ConfigListen, point=com.alibaba.nacos.core.remote.control.TpsMonitorPoint@54bca971 

2024-10-14 14:34:34,961 INFO Load rule from local,pointName=ConfigListen, ruleContent= 

2024-10-14 14:34:34,961 INFO Apply tps control rule parse start,pointName=[ConfigListen]  

2024-10-14 14:34:34,961 INFO Clear point  control rule ,pointName=[ConfigListen]  

2024-10-14 14:34:34,961 INFO Clear point  control rule for monitorKeys, pointName=[ConfigListen]  

2024-10-14 14:34:34,961 INFO Register tps control,pointName=ConfigRemove, point=com.alibaba.nacos.core.remote.control.TpsMonitorPoint@23706db8 

2024-10-14 14:34:34,961 INFO Load rule from local,pointName=ConfigRemove, ruleContent= 

2024-10-14 14:34:34,961 INFO Apply tps control rule parse start,pointName=[ConfigRemove]  

2024-10-14 14:34:34,961 INFO Clear point  control rule ,pointName=[ConfigRemove]  

2024-10-14 14:34:34,962 INFO Clear point  control rule for monitorKeys, pointName=[ConfigRemove]  

2024-10-14 14:34:34,962 INFO Register tps control,pointName=ConfigPublish, point=com.alibaba.nacos.core.remote.control.TpsMonitorPoint@205bed61 

2024-10-14 14:34:34,962 INFO Load rule from local,pointName=ConfigPublish, ruleContent= 

2024-10-14 14:34:34,963 INFO Apply tps control rule parse start,pointName=[ConfigPublish]  

2024-10-14 14:34:34,963 INFO Clear point  control rule ,pointName=[ConfigPublish]  

2024-10-14 14:34:34,963 INFO Clear point  control rule for monitorKeys, pointName=[ConfigPublish]  

2024-10-14 14:34:34,963 INFO Register tps control,pointName=HealthCheck, point=com.alibaba.nacos.core.remote.control.TpsMonitorPoint@129fed45 

2024-10-14 14:34:34,963 INFO Load rule from local,pointName=HealthCheck, ruleContent= 

2024-10-14 14:34:34,964 INFO Apply tps control rule parse start,pointName=[HealthCheck]  

2024-10-14 14:34:34,964 INFO Clear point  control rule ,pointName=[HealthCheck]  

2024-10-14 14:34:34,964 INFO Clear point  control rule for monitorKeys, pointName=[HealthCheck]  

